2020-01-17 03:13:08 +0000  Initial pipeline context: <IDEDistributionProcessingPipelineContext: 0x7f800e20abf0; archive(resolved)='<IDEArchive: 0x7f800a5589a0>', distributionTask(resolved)='2', distributionDestination(resolved)='1', distributionMethod(resolved)='<IDEDistributionMethodDeveloperID: 0x7f80097344d0>', team(resolved)='<IDEProvisioningDisambiguatableBasicTeam: 0x7f800a2be5a0; teamID='HEQGGF6N89', teamName='Orange electronic', teamType='Company', username='orangeapp@orange-electronic.com', isFreeProvisioningTeam='0'>'>
	Chain (11, self inclusive):
	<IDEDistributionProcessingPipelineContext: 0x7f800e20abf0; archive = '<IDEArchive: 0x7f800a5589a0>', distributionMethod='<IDEDistributionMethodDeveloperID: 0x7f80097344d0>', team='<IDEProvisioningDisambiguatableBasicTeam: 0x7f800a2be5a0; teamID='HEQGGF6N89', teamName='Orange electronic', teamType='Company', username='orangeapp@orange-electronic.com', isFreeProvisioningTeam='0'>'>
	<IDEDistributionProcessingPipelineContext: 0x7f800d3f5960; archive = '<IDEArchive: 0x7f800a5589a0>', distributionMethod='<IDEDistributionMethodDeveloperID: 0x7f80097344d0>', team='<IDEProvisioningDisambiguatableBasicTeam: 0x7f800a2be5a0; teamID='HEQGGF6N89', teamName='Orange electronic', teamType='Company', username='orangeapp@orange-electronic.com', isFreeProvisioningTeam='0'>'>
	<IDEDistributionContext: 0x7f800e5fb120; archive = '<IDEArchive: 0x7f800a5589a0>', distributionMethod='<IDEDistributionMethodDeveloperID: 0x7f80097344d0>', team='<IDEProvisioningDisambiguatableBasicTeam: 0x7f800a2be5a0; teamID='HEQGGF6N89', teamName='Orange electronic', teamType='Company', username='orangeapp@orange-electronic.com', isFreeProvisioningTeam='0'>'>
	<IDEDistributionContext: 0x7f800e386820; archive = '<IDEArchive: 0x7f800a5589a0>', distributionMethod='<IDEDistributionMethodDeveloperID: 0x7f80097344d0>', team='<IDEProvisioningDisambiguatableBasicTeam: 0x7f800a2be5a0; teamID='HEQGGF6N89', teamName='Orange electronic', teamType='Company', username='orangeapp@orange-electronic.com', isFreeProvisioningTeam='0'>'>
	<IDEDistributionContext: 0x7f800e225e10; archive = '<IDEArchive: 0x7f800a5589a0>', distributionMethod='<IDEDistributionMethodDeveloperID: 0x7f80097344d0>', team='<IDEProvisioningDisambiguatableBasicTeam: 0x7f800a2be5a0; teamID='HEQGGF6N89', teamName='Orange electronic', teamType='Company', username='orangeapp@orange-electronic.com', isFreeProvisioningTeam='0'>'>
	<IDEDistributionContext: 0x7f800a1e99e0; archive = '<IDEArchive: 0x7f800a5589a0>', distributionMethod='<IDEDistributionMethodDeveloperID: 0x7f80097344d0>', team='<IDEProvisioningDisambiguatableBasicTeam: 0x7f800a2be5a0; teamID='HEQGGF6N89', teamName='Orange electronic', teamType='Company', username='orangeapp@orange-electronic.com', isFreeProvisioningTeam='0'>'>
	<IDEDistributionContext: 0x7f800e263ea0; archive = '<IDEArchive: 0x7f800a5589a0>', distributionMethod='<IDEDistributionMethodDeveloperID: 0x7f80097344d0>', team='<IDEProvisioningDisambiguatableBasicTeam: 0x7f800a2be5a0; teamID='HEQGGF6N89', teamName='Orange electronic', teamType='Company', username='orangeapp@orange-electronic.com', isFreeProvisioningTeam='0'>'>
	<IDEDistributionContext: 0x7f800cc19100; archive = '<IDEArchive: 0x7f800a5589a0>', distributionMethod='<IDEDistributionMethodDeveloperID: 0x7f80097344d0>', team='<IDEProvisioningDisambiguatableBasicTeam: 0x7f800a2be5a0; teamID='HEQGGF6N89', teamName='Orange electronic', teamType='Company', username='orangeapp@orange-electronic.com', isFreeProvisioningTeam='0'>'>
	<IDEDistributionContext: 0x7f800ce1c970; archive = '<IDEArchive: 0x7f800a5589a0>', distributionMethod='<IDEDistributionMethodDeveloperID: 0x7f80097344d0>', team='(null)'>
	<IDEDistributionContext: 0x7f800cddd1a0; archive = '<IDEArchive: 0x7f800a5589a0>', distributionMethod='<IDEDistributionMethodDeveloperID: 0x7f80097344d0>', team='(null)'>
	<IDEDistributionContext: 0x7f800d5404c0; archive = '<IDEArchive: 0x7f800a5589a0>', distributionMethod='(null)', team='(null)'>
</IDEDistributionProcessingPipelineContext: 0x7f800e20abf0>
2020-01-17 03:13:08 +0000  Processing step: IDEDistributionCreateDestRootStep
2020-01-17 03:13:08 +0000  Processing step: IDEDistributionCopyItemStep
2020-01-17 03:13:08 +0000  Running /usr/bin/ditto '-V' '/Users/jianzhi.wang/Library/Developer/Xcode/Archives/2020-01-16/USB TPMS 2020-1-16, 6.56 PM.xcarchive/Products/Applications/USB TPMS.app' '/var/folders/2_/0wmkjr3518x35122wb_2y2g80000gn/T/XcodeDistPipeline.~~~I7YuNQ/Root/Applications/USB TPMS.app'
2020-01-17 03:13:08 +0000  >>> Copying /Users/jianzhi.wang/Library/Developer/Xcode/Archives/2020-01-16/USB TPMS 2020-1-16, 6.56 PM.xcarchive/Products/Applications/USB TPMS.app 
2020-01-17 03:13:08 +0000  copying file ./Contents/_CodeSignature/CodeResources ... 
2020-01-17 03:13:08 +0000  11402 bytes for ./Contents/_CodeSignature/CodeResources
2020-01-17 03:13:08 +0000  copying file ./Contents/MacOS/USB TPMS ... 
2020-01-17 03:13:08 +0000  357936 bytes for ./Contents/MacOS/USB TPMS
2020-01-17 03:13:08 +0000  copying file ./Contents/PlugIns/ORSSerialPort Tests.xctest/Contents/_CodeSignature/CodeResources ... 
2020-01-17 03:13:08 +0000  2924 bytes for ./Contents/PlugIns/ORSSerialPort Tests.xctest/Contents/_CodeSignature/CodeResources
2020-01-17 03:13:08 +0000  copying file ./Contents/PlugIns/ORSSerialPort Tests.xctest/Contents/MacOS/ORSSerialPort Tests ... 
2020-01-17 03:13:08 +0000  104960 bytes for ./Contents/PlugIns/ORSSerialPort Tests.xctest/Contents/MacOS/ORSSerialPort Tests
2020-01-17 03:13:08 +0000  copying file ./Contents/PlugIns/ORSSerialPort Tests.xctest/Contents/Resources/xcbaselines/3AB06FEE-1381-45AC-9379-B331E6DDAABC.plist ... 
2020-01-17 03:13:08 +0000  597 bytes for ./Contents/PlugIns/ORSSerialPort Tests.xctest/Contents/Resources/xcbaselines/3AB06FEE-1381-45AC-9379-B331E6DDAABC.plist
copying file ./Contents/PlugIns/ORSSerialPort Tests.xctest/Contents/Resources/xcbaselines/Info.plist ... 
2020-01-17 03:13:08 +0000  906 bytes for ./Contents/PlugIns/ORSSerialPort Tests.xctest/Contents/Resources/xcbaselines/Info.plist
2020-01-17 03:13:08 +0000  copying file ./Contents/PlugIns/ORSSerialPort Tests.xctest/Contents/Info.plist ... 
2020-01-17 03:13:08 +0000  1319 bytes for ./Contents/PlugIns/ORSSerialPort Tests.xctest/Contents/Info.plist
2020-01-17 03:13:08 +0000  copying file ./Contents/Resources/Register.nib ... 
2020-01-17 03:13:08 +0000  1278 bytes for ./Contents/Resources/Register.nib
copying file ./Contents/Resources/simple-loader2.json ... 
2020-01-17 03:13:08 +0000  3646 bytes for ./Contents/Resources/simple-loader2.json
2020-01-17 03:13:08 +0000  copying file ./Contents/Resources/MainPrace.nib ... 
2020-01-17 03:13:08 +0000  1279 bytes for ./Contents/Resources/MainPrace.nib
copying file ./Contents/Resources/AppIcon.icns ... 
2020-01-17 03:13:08 +0000  84829 bytes for ./Contents/Resources/AppIcon.icns
2020-01-17 03:13:08 +0000  copying file ./Contents/Resources/Base.lproj/Main.storyboardc/Una-gW-ELe-view-Qzd-PT-x1f.nib ... 
2020-01-17 03:13:08 +0000  73141 bytes for ./Contents/Resources/Base.lproj/Main.storyboardc/Una-gW-ELe-view-Qzd-PT-x1f.nib
copying file ./Contents/Resources/Base.lproj/Main.storyboardc/Register.nib ... 
2020-01-17 03:13:08 +0000  1943 bytes for ./Contents/Resources/Base.lproj/Main.storyboardc/Register.nib
2020-01-17 03:13:08 +0000  copying file ./Contents/Resources/Base.lproj/Main.storyboardc/5RT-R8-BMt-view-kX8-oV-Y8Z.nib ... 
2020-01-17 03:13:08 +0000  31057 bytes for ./Contents/Resources/Base.lproj/Main.storyboardc/5RT-R8-BMt-view-kX8-oV-Y8Z.nib
2020-01-17 03:13:08 +0000  copying file ./Contents/Resources/Base.lproj/Main.storyboardc/MainPrace.nib ... 
2020-01-17 03:13:08 +0000  1945 bytes for ./Contents/Resources/Base.lproj/Main.storyboardc/MainPrace.nib
copying file ./Contents/Resources/Base.lproj/Main.storyboardc/Grp-5Q-2Aq-view-xHq-1T-bYg.nib ... 
2020-01-17 03:13:08 +0000  38974 bytes for ./Contents/Resources/Base.lproj/Main.storyboardc/Grp-5Q-2Aq-view-xHq-1T-bYg.nib
2020-01-17 03:13:08 +0000  copying file ./Contents/Resources/Base.lproj/Main.storyboardc/MainMenu.nib ... 
2020-01-17 03:13:08 +0000  5092 bytes for ./Contents/Resources/Base.lproj/Main.storyboardc/MainMenu.nib
2020-01-17 03:13:08 +0000  copying file ./Contents/Resources/Base.lproj/Main.storyboardc/NSWindowController-B8D-0N-5wS.nib ... 
2020-01-17 03:13:08 +0000  3745 bytes for ./Contents/Resources/Base.lproj/Main.storyboardc/NSWindowController-B8D-0N-5wS.nib
2020-01-17 03:13:08 +0000  copying file ./Contents/Resources/Base.lproj/Main.storyboardc/Enroll.nib ... 
2020-01-17 03:13:08 +0000  1939 bytes for ./Contents/Resources/Base.lproj/Main.storyboardc/Enroll.nib
copying file ./Contents/Resources/Base.lproj/Main.storyboardc/Info.plist ... 
2020-01-17 03:13:08 +0000  644 bytes for ./Contents/Resources/Base.lproj/Main.storyboardc/Info.plist
2020-01-17 03:13:08 +0000  copying file ./Contents/Resources/Extension.nib ... 
2020-01-17 03:13:08 +0000  1279 bytes for ./Contents/Resources/Extension.nib
2020-01-17 03:13:08 +0000  copying file ./Contents/Resources/Assets.car ... 
2020-01-17 03:13:08 +0000  831000 bytes for ./Contents/Resources/Assets.car
2020-01-17 03:13:08 +0000  copying file ./Contents/Resources/child.plist ... 
2020-01-17 03:13:08 +0000  303 bytes for ./Contents/Resources/child.plist
copying file ./Contents/Resources/parent.plist ... 
2020-01-17 03:13:08 +0000  249 bytes for ./Contents/Resources/parent.plist
copying file ./Contents/Resources/Enroll.nib ... 
2020-01-17 03:13:08 +0000  1276 bytes for ./Contents/Resources/Enroll.nib
2020-01-17 03:13:08 +0000  copying file ./Contents/Frameworks/libswiftObjectiveC.dylib ... 
2020-01-17 03:13:08 +0000  62256 bytes for ./Contents/Frameworks/libswiftObjectiveC.dylib
2020-01-17 03:13:08 +0000  copying file ./Contents/Frameworks/libswiftCore.dylib ... 
2020-01-17 03:13:08 +0000  6456320 bytes for ./Contents/Frameworks/libswiftCore.dylib
copying file ./Contents/Frameworks/libswiftCoreGraphics.dylib ... 
2020-01-17 03:13:08 +0000  190560 bytes for ./Contents/Frameworks/libswiftCoreGraphics.dylib
copying file ./Contents/Frameworks/libswiftDispatch.dylib ... 
328272 bytes for ./Contents/Frameworks/libswiftDispatch.dylib
copying file ./Contents/Frameworks/libswiftCoreFoundation.dylib ... 
42128 bytes for ./Contents/Frameworks/libswiftCoreFoundation.dylib
copying symlink ./Contents/Frameworks/ORSSerial.framework/Resources ... 
linked ./Contents/Frameworks/ORSSerial.framework/Resources
2020-01-17 03:13:08 +0000  copying file ./Contents/Frameworks/ORSSerial.framework/Versions/A/_CodeSignature/CodeResources ... 
2020-01-17 03:13:08 +0000  2514 bytes for ./Contents/Frameworks/ORSSerial.framework/Versions/A/_CodeSignature/CodeResources
2020-01-17 03:13:08 +0000  copying file ./Contents/Frameworks/ORSSerial.framework/Versions/A/Resources/Info.plist ... 
2020-01-17 03:13:08 +0000  1407 bytes for ./Contents/Frameworks/ORSSerial.framework/Versions/A/Resources/Info.plist
copying file ./Contents/Frameworks/ORSSerial.framework/Versions/A/ORSSerial ... 
2020-01-17 03:13:08 +0000  142832 bytes for ./Contents/Frameworks/ORSSerial.framework/Versions/A/ORSSerial
2020-01-17 03:13:08 +0000  copying symlink ./Contents/Frameworks/ORSSerial.framework/Versions/Current ... 
linked ./Contents/Frameworks/ORSSerial.framework/Versions/Current
2020-01-17 03:13:08 +0000  copying symlink ./Contents/Frameworks/ORSSerial.framework/ORSSerial ... 
linked ./Contents/Frameworks/ORSSerial.framework/ORSSerial
2020-01-17 03:13:08 +0000  copying file ./Contents/Frameworks/libswiftDarwin.dylib ... 
2020-01-17 03:13:08 +0000  99088 bytes for ./Contents/Frameworks/libswiftDarwin.dylib
copying file ./Contents/Frameworks/libswiftIOKit.dylib ... 
2020-01-17 03:13:08 +0000  45664 bytes for ./Contents/Frameworks/libswiftIOKit.dylib
copying file ./Contents/Frameworks/libswiftFoundation.dylib ... 
2020-01-17 03:13:08 +0000  3163392 bytes for ./Contents/Frameworks/libswiftFoundation.dylib
2020-01-17 03:13:08 +0000  copying symlink ./Contents/Frameworks/Lottie.framework/Resources ... 
linked ./Contents/Frameworks/Lottie.framework/Resources
copying file ./Contents/Frameworks/Lottie.framework/Versions/A/_CodeSignature/CodeResources ... 
2514 bytes for ./Contents/Frameworks/Lottie.framework/Versions/A/_CodeSignature/CodeResources
2020-01-17 03:13:08 +0000  copying file ./Contents/Frameworks/Lottie.framework/Versions/A/Resources/Info.plist ... 
2020-01-17 03:13:08 +0000  1276 bytes for ./Contents/Frameworks/Lottie.framework/Versions/A/Resources/Info.plist
2020-01-17 03:13:08 +0000  copying file ./Contents/Frameworks/Lottie.framework/Versions/A/Lottie ... 
2020-01-17 03:13:08 +0000  2331280 bytes for ./Contents/Frameworks/Lottie.framework/Versions/A/Lottie
copying symlink ./Contents/Frameworks/Lottie.framework/Versions/Current ... 
2020-01-17 03:13:08 +0000  linked ./Contents/Frameworks/Lottie.framework/Versions/Current
copying symlink ./Contents/Frameworks/Lottie.framework/Lottie ... 
linked ./Contents/Frameworks/Lottie.framework/Lottie
copying file ./Contents/Info.plist ... 
2020-01-17 03:13:08 +0000  1862 bytes for ./Contents/Info.plist
copying file ./Contents/PkgInfo ... 
2020-01-17 03:13:08 +0000  8 bytes for ./Contents/PkgInfo
2020-01-17 03:13:08 +0000  /usr/bin/ditto exited with 0
2020-01-17 03:13:08 +0000  Processing step: IDEDistributionEmbedProfileStep
2020-01-17 03:13:08 +0000  Skipping profile for item: <IDEDistributionItem: 0x7f800e1624d0; bundleID='org.cocoapods.Lottie', path='<DVTFilePath:0x7f800a3850c0:'/Users/jianzhi.wang/Library/Developer/Xcode/Archives/2020-01-16/USB TPMS 2020-1-16, 6.56 PM.xcarchive/Products/Applications/USB TPMS.app/Contents/Frameworks/Lottie.framework/Versions/A'>', codeSigningInfo='<_DVTCodeSigningInformation_Path: 0x7f800d613d80; isSigned='1', isAdHocSigned='0', signingCertificate='<DVTSigningCertificate: 0x7f800e313f10; name='Apple Development: Steve Yu (QCZM92LM36)', hash='4C1E9503C7C5D387D1EFF6FC46E160CEFB31E8A5', serialNumber='796B699123534BC7', certificateKinds='(
    "1.2.840.113635.100.6.1.12",
    "1.2.840.113635.100.6.1.2"
), issueDate='2020-01-03 15:04:34 +0000''>', entitlements='(null)', teamID='HEQGGF6N89', identifier='org.cocoapods.Lottie', executablePath='<DVTFilePath:0x7f800a760570:'/Users/jianzhi.wang/Library/Developer/Xcode/Archives/2020-01-16/USB TPMS 2020-1-16, 6.56 PM.xcarchive/Products/Applications/USB TPMS.app/Contents/Frameworks/Lottie.framework/Versions/A/Lottie'>', hardenedRuntime='0'>'>
2020-01-17 03:13:08 +0000  Skipping profile for item: <IDEDistributionItem: 0x7f80093c9080; bundleID='com.openreelsoftware.ORSSerial', path='<DVTFilePath:0x7f800a3a0d30:'/Users/jianzhi.wang/Library/Developer/Xcode/Archives/2020-01-16/USB TPMS 2020-1-16, 6.56 PM.xcarchive/Products/Applications/USB TPMS.app/Contents/Frameworks/ORSSerial.framework/Versions/A'>', codeSigningInfo='<_DVTCodeSigningInformation_Path: 0x7f800e6a9970; isSigned='1', isAdHocSigned='0', signingCertificate='<DVTSigningCertificate: 0x7f800e313f10; name='Apple Development: Steve Yu (QCZM92LM36)', hash='4C1E9503C7C5D387D1EFF6FC46E160CEFB31E8A5', serialNumber='796B699123534BC7', certificateKinds='(
    "1.2.840.113635.100.6.1.12",
    "1.2.840.113635.100.6.1.2"
), issueDate='2020-01-03 15:04:34 +0000''>', entitlements='(null)', teamID='HEQGGF6N89', identifier='com.openreelsoftware.ORSSerial', executablePath='<DVTFilePath:0x7f800bd220f0:'/Users/jianzhi.wang/Library/Developer/Xcode/Archives/2020-01-16/USB TPMS 2020-1-16, 6.56 PM.xcarchive/Products/Applications/USB TPMS.app/Contents/Frameworks/ORSSerial.framework/Versions/A/ORSSerial'>', hardenedRuntime='0'>'>
2020-01-17 03:13:08 +0000  Skipping profile for item: <IDEDistributionItem: 0x7f800a4c11b0; bundleID='com.apple.dt.runtime.swiftCore', path='<DVTFilePath:0x7f800ce21d50:'/Users/jianzhi.wang/Library/Developer/Xcode/Archives/2020-01-16/USB TPMS 2020-1-16, 6.56 PM.xcarchive/Products/Applications/USB TPMS.app/Contents/Frameworks/libswiftCore.dylib'>', codeSigningInfo='<_DVTCodeSigningInformation_Path: 0x7f800b879950; isSigned='1', isAdHocSigned='0', signingCertificate='<DVTSigningCertificate: 0x7f800e313f10; name='Apple Development: Steve Yu (QCZM92LM36)', hash='4C1E9503C7C5D387D1EFF6FC46E160CEFB31E8A5', serialNumber='796B699123534BC7', certificateKinds='(
    "1.2.840.113635.100.6.1.12",
    "1.2.840.113635.100.6.1.2"
), issueDate='2020-01-03 15:04:34 +0000''>', entitlements='(null)', teamID='HEQGGF6N89', identifier='com.apple.dt.runtime.swiftCore', executablePath='<DVTFilePath:0x7f800ce21d50:'/Users/jianzhi.wang/Library/Developer/Xcode/Archives/2020-01-16/USB TPMS 2020-1-16, 6.56 PM.xcarchive/Products/Applications/USB TPMS.app/Contents/Frameworks/libswiftCore.dylib'>', hardenedRuntime='0'>'>
2020-01-17 03:13:08 +0000  Skipping profile for item: <IDEDistributionItem: 0x7f800d43a750; bundleID='com.apple.dt.runtime.swiftCoreFoundation', path='<DVTFilePath:0x7f800b8a0350:'/Users/jianzhi.wang/Library/Developer/Xcode/Archives/2020-01-16/USB TPMS 2020-1-16, 6.56 PM.xcarchive/Products/Applications/USB TPMS.app/Contents/Frameworks/libswiftCoreFoundation.dylib'>', codeSigningInfo='<_DVTCodeSigningInformation_Path: 0x7f800e3f95e0; isSigned='1', isAdHocSigned='0', signingCertificate='<DVTSigningCertificate: 0x7f800e313f10; name='Apple Development: Steve Yu (QCZM92LM36)', hash='4C1E9503C7C5D387D1EFF6FC46E160CEFB31E8A5', serialNumber='796B699123534BC7', certificateKinds='(
    "1.2.840.113635.100.6.1.12",
    "1.2.840.113635.100.6.1.2"
), issueDate='2020-01-03 15:04:34 +0000''>', entitlements='(null)', teamID='HEQGGF6N89', identifier='com.apple.dt.runtime.swiftCoreFoundation', executablePath='<DVTFilePath:0x7f800b8a0350:'/Users/jianzhi.wang/Library/Developer/Xcode/Archives/2020-01-16/USB TPMS 2020-1-16, 6.56 PM.xcarchive/Products/Applications/USB TPMS.app/Contents/Frameworks/libswiftCoreFoundation.dylib'>', hardenedRuntime='0'>'>
2020-01-17 03:13:08 +0000  Skipping profile for item: <IDEDistributionItem: 0x7f800e5df400; bundleID='com.apple.dt.runtime.swiftCoreGraphics', path='<DVTFilePath:0x7f800c9ebca0:'/Users/jianzhi.wang/Library/Developer/Xcode/Archives/2020-01-16/USB TPMS 2020-1-16, 6.56 PM.xcarchive/Products/Applications/USB TPMS.app/Contents/Frameworks/libswiftCoreGraphics.dylib'>', codeSigningInfo='<_DVTCodeSigningInformation_Path: 0x7f800cb35090; isSigned='1', isAdHocSigned='0', signingCertificate='<DVTSigningCertificate: 0x7f800e313f10; name='Apple Development: Steve Yu (QCZM92LM36)', hash='4C1E9503C7C5D387D1EFF6FC46E160CEFB31E8A5', serialNumber='796B699123534BC7', certificateKinds='(
    "1.2.840.113635.100.6.1.12",
    "1.2.840.113635.100.6.1.2"
), issueDate='2020-01-03 15:04:34 +0000''>', entitlements='(null)', teamID='HEQGGF6N89', identifier='com.apple.dt.runtime.swiftCoreGraphics', executablePath='<DVTFilePath:0x7f800c9ebca0:'/Users/jianzhi.wang/Library/Developer/Xcode/Archives/2020-01-16/USB TPMS 2020-1-16, 6.56 PM.xcarchive/Products/Applications/USB TPMS.app/Contents/Frameworks/libswiftCoreGraphics.dylib'>', hardenedRuntime='0'>'>
2020-01-17 03:13:08 +0000  Skipping profile for item: <IDEDistributionItem: 0x7f800ceeccd0; bundleID='com.apple.dt.runtime.swiftDarwin', path='<DVTFilePath:0x7f800cd0d250:'/Users/jianzhi.wang/Library/Developer/Xcode/Archives/2020-01-16/USB TPMS 2020-1-16, 6.56 PM.xcarchive/Products/Applications/USB TPMS.app/Contents/Frameworks/libswiftDarwin.dylib'>', codeSigningInfo='<_DVTCodeSigningInformation_Path: 0x7f800d58bff0; isSigned='1', isAdHocSigned='0', signingCertificate='<DVTSigningCertificate: 0x7f800f40c740; name='Apple Development: Steve Yu (QCZM92LM36)', hash='4C1E9503C7C5D387D1EFF6FC46E160CEFB31E8A5', serialNumber='796B699123534BC7', certificateKinds='(
    "1.2.840.113635.100.6.1.12",
    "1.2.840.113635.100.6.1.2"
), issueDate='2020-01-03 15:04:34 +0000''>', entitlements='(null)', teamID='HEQGGF6N89', identifier='com.apple.dt.runtime.swiftDarwin', executablePath='<DVTFilePath:0x7f800cd0d250:'/Users/jianzhi.wang/Library/Developer/Xcode/Archives/2020-01-16/USB TPMS 2020-1-16, 6.56 PM.xcarchive/Products/Applications/USB TPMS.app/Contents/Frameworks/libswiftDarwin.dylib'>', hardenedRuntime='0'>'>
2020-01-17 03:13:08 +0000  Skipping profile for item: <IDEDistributionItem: 0x7f800e515a20; bundleID='com.apple.dt.runtime.swiftDispatch', path='<DVTFilePath:0x7f800ce6e200:'/Users/jianzhi.wang/Library/Developer/Xcode/Archives/2020-01-16/USB TPMS 2020-1-16, 6.56 PM.xcarchive/Products/Applications/USB TPMS.app/Contents/Frameworks/libswiftDispatch.dylib'>', codeSigningInfo='<_DVTCodeSigningInformation_Path: 0x7f800e391bb0; isSigned='1', isAdHocSigned='0', signingCertificate='<DVTSigningCertificate: 0x7f800bf19370; name='Apple Development: Steve Yu (QCZM92LM36)', hash='4C1E9503C7C5D387D1EFF6FC46E160CEFB31E8A5', serialNumber='796B699123534BC7', certificateKinds='(
    "1.2.840.113635.100.6.1.12",
    "1.2.840.113635.100.6.1.2"
), issueDate='2020-01-03 15:04:34 +0000''>', entitlements='(null)', teamID='HEQGGF6N89', identifier='com.apple.dt.runtime.swiftDispatch', executablePath='<DVTFilePath:0x7f800ce6e200:'/Users/jianzhi.wang/Library/Developer/Xcode/Archives/2020-01-16/USB TPMS 2020-1-16, 6.56 PM.xcarchive/Products/Applications/USB TPMS.app/Contents/Frameworks/libswiftDispatch.dylib'>', hardenedRuntime='0'>'>
2020-01-17 03:13:08 +0000  Skipping profile for item: <IDEDistributionItem: 0x7f800e61fcc0; bundleID='com.apple.dt.runtime.swiftFoundation', path='<DVTFilePath:0x7f800be170e0:'/Users/jianzhi.wang/Library/Developer/Xcode/Archives/2020-01-16/USB TPMS 2020-1-16, 6.56 PM.xcarchive/Products/Applications/USB TPMS.app/Contents/Frameworks/libswiftFoundation.dylib'>', codeSigningInfo='<_DVTCodeSigningInformation_Path: 0x7f800cf501b0; isSigned='1', isAdHocSigned='0', signingCertificate='<DVTSigningCertificate: 0x7f800e313f10; name='Apple Development: Steve Yu (QCZM92LM36)', hash='4C1E9503C7C5D387D1EFF6FC46E160CEFB31E8A5', serialNumber='796B699123534BC7', certificateKinds='(
    "1.2.840.113635.100.6.1.12",
    "1.2.840.113635.100.6.1.2"
), issueDate='2020-01-03 15:04:34 +0000''>', entitlements='(null)', teamID='HEQGGF6N89', identifier='com.apple.dt.runtime.swiftFoundation', executablePath='<DVTFilePath:0x7f800be170e0:'/Users/jianzhi.wang/Library/Developer/Xcode/Archives/2020-01-16/USB TPMS 2020-1-16, 6.56 PM.xcarchive/Products/Applications/USB TPMS.app/Contents/Frameworks/libswiftFoundation.dylib'>', hardenedRuntime='0'>'>
2020-01-17 03:13:08 +0000  Skipping profile for item: <IDEDistributionItem: 0x7f800cbc2d90; bundleID='com.apple.dt.runtime.swiftIOKit', path='<DVTFilePath:0x7f800cd278d0:'/Users/jianzhi.wang/Library/Developer/Xcode/Archives/2020-01-16/USB TPMS 2020-1-16, 6.56 PM.xcarchive/Products/Applications/USB TPMS.app/Contents/Frameworks/libswiftIOKit.dylib'>', codeSigningInfo='<_DVTCodeSigningInformation_Path: 0x7f800e6b3e50; isSigned='1', isAdHocSigned='0', signingCertificate='<DVTSigningCertificate: 0x7f800e313f10; name='Apple Development: Steve Yu (QCZM92LM36)', hash='4C1E9503C7C5D387D1EFF6FC46E160CEFB31E8A5', serialNumber='796B699123534BC7', certificateKinds='(
    "1.2.840.113635.100.6.1.12",
    "1.2.840.113635.100.6.1.2"
), issueDate='2020-01-03 15:04:34 +0000''>', entitlements='(null)', teamID='HEQGGF6N89', identifier='com.apple.dt.runtime.swiftIOKit', executablePath='<DVTFilePath:0x7f800cd278d0:'/Users/jianzhi.wang/Library/Developer/Xcode/Archives/2020-01-16/USB TPMS 2020-1-16, 6.56 PM.xcarchive/Products/Applications/USB TPMS.app/Contents/Frameworks/libswiftIOKit.dylib'>', hardenedRuntime='0'>'>
2020-01-17 03:13:08 +0000  Skipping profile for item: <IDEDistributionItem: 0x7f800c8012e0; bundleID='com.apple.dt.runtime.swiftObjectiveC', path='<DVTFilePath:0x7f800bd15b90:'/Users/jianzhi.wang/Library/Developer/Xcode/Archives/2020-01-16/USB TPMS 2020-1-16, 6.56 PM.xcarchive/Products/Applications/USB TPMS.app/Contents/Frameworks/libswiftObjectiveC.dylib'>', codeSigningInfo='<_DVTCodeSigningInformation_Path: 0x7f800d51f9e0; isSigned='1', isAdHocSigned='0', signingCertificate='<DVTSigningCertificate: 0x7f800e313f10; name='Apple Development: Steve Yu (QCZM92LM36)', hash='4C1E9503C7C5D387D1EFF6FC46E160CEFB31E8A5', serialNumber='796B699123534BC7', certificateKinds='(
    "1.2.840.113635.100.6.1.12",
    "1.2.840.113635.100.6.1.2"
), issueDate='2020-01-03 15:04:34 +0000''>', entitlements='(null)', teamID='HEQGGF6N89', identifier='com.apple.dt.runtime.swiftObjectiveC', executablePath='<DVTFilePath:0x7f800bd15b90:'/Users/jianzhi.wang/Library/Developer/Xcode/Archives/2020-01-16/USB TPMS 2020-1-16, 6.56 PM.xcarchive/Products/Applications/USB TPMS.app/Contents/Frameworks/libswiftObjectiveC.dylib'>', hardenedRuntime='0'>'>
2020-01-17 03:13:08 +0000  Skipping profile for item: <IDEDistributionItem: 0x7f8008caf6e0; bundleID='com.openreelsoftware.ORSSerialPort-Tests', path='<DVTFilePath:0x7f800bd5faa0:'/Users/jianzhi.wang/Library/Developer/Xcode/Archives/2020-01-16/USB TPMS 2020-1-16, 6.56 PM.xcarchive/Products/Applications/USB TPMS.app/Contents/PlugIns/ORSSerialPort Tests.xctest'>', codeSigningInfo='<_DVTCodeSigningInformation_Path: 0x7f800e3cf100; isSigned='1', isAdHocSigned='0', signingCertificate='<DVTSigningCertificate: 0x7f800e313f10; name='Apple Development: Steve Yu (QCZM92LM36)', hash='4C1E9503C7C5D387D1EFF6FC46E160CEFB31E8A5', serialNumber='796B699123534BC7', certificateKinds='(
    "1.2.840.113635.100.6.1.12",
    "1.2.840.113635.100.6.1.2"
), issueDate='2020-01-03 15:04:34 +0000''>', entitlements='(null)', teamID='HEQGGF6N89', identifier='com.openreelsoftware.ORSSerialPort-Tests', executablePath='<DVTFilePath:0x7f800a382e10:'/Users/jianzhi.wang/Library/Developer/Xcode/Archives/2020-01-16/USB TPMS 2020-1-16, 6.56 PM.xcarchive/Products/Applications/USB TPMS.app/Contents/PlugIns/ORSSerialPort Tests.xctest/Contents/MacOS/ORSSerialPort Tests'>', hardenedRuntime='0'>'>
2020-01-17 03:13:08 +0000  Skipping profile for item: <IDEDistributionItem: 0x7f800c8b8de0; bundleID='orange.macos.usbtpms', path='<DVTFilePath:0x7f800bd7c930:'/Users/jianzhi.wang/Library/Developer/Xcode/Archives/2020-01-16/USB TPMS 2020-1-16, 6.56 PM.xcarchive/Products/Applications/USB TPMS.app'>', codeSigningInfo='<_DVTCodeSigningInformation_Path: 0x7f800a434240; isSigned='1', isAdHocSigned='0', signingCertificate='<DVTSigningCertificate: 0x7f800e313f10; name='Apple Development: Steve Yu (QCZM92LM36)', hash='4C1E9503C7C5D387D1EFF6FC46E160CEFB31E8A5', serialNumber='796B699123534BC7', certificateKinds='(
    "1.2.840.113635.100.6.1.12",
    "1.2.840.113635.100.6.1.2"
), issueDate='2020-01-03 15:04:34 +0000''>', entitlements='{
}', teamID='HEQGGF6N89', identifier='orange.macos.usbtpms', executablePath='<DVTFilePath:0x7f800a3ae800:'/Users/jianzhi.wang/Library/Developer/Xcode/Archives/2020-01-16/USB TPMS 2020-1-16, 6.56 PM.xcarchive/Products/Applications/USB TPMS.app/Contents/MacOS/USB TPMS'>', hardenedRuntime='0'>'>
2020-01-17 03:13:08 +0000  Processing step: IDEDistributionAppThinningPlistStep
2020-01-17 03:13:08 +0000  Processing step: IDEDistributionCompileBitcodeStep
2020-01-17 03:13:08 +0000  Skipping step: IDEDistributionCompileBitcodeStep because it said so
2020-01-17 03:13:08 +0000  Processing step: IDEDistributionCodeSlimmingStep
2020-01-17 03:13:08 +0000  Processing step: IDEDistributionCopyBCSymbolMapsStep
2020-01-17 03:13:08 +0000  Skipping step: IDEDistributionCopyBCSymbolMapsStep because it said so
2020-01-17 03:13:08 +0000  Skipping step: IDEDistributionCopyBCSymbolMapsStep because it said so
2020-01-17 03:13:08 +0000  Skipping step: IDEDistributionCopyBCSymbolMapsStep because it said so
2020-01-17 03:13:08 +0000  Skipping step: IDEDistributionCopyBCSymbolMapsStep because it said so
2020-01-17 03:13:08 +0000  Skipping step: IDEDistributionCopyBCSymbolMapsStep because it said so
2020-01-17 03:13:08 +0000  Skipping step: IDEDistributionCopyBCSymbolMapsStep because it said so
2020-01-17 03:13:08 +0000  Skipping step: IDEDistributionCopyBCSymbolMapsStep because it said so
2020-01-17 03:13:08 +0000  Skipping step: IDEDistributionCopyBCSymbolMapsStep because it said so
2020-01-17 03:13:08 +0000  Skipping step: IDEDistributionCopyBCSymbolMapsStep because it said so
2020-01-17 03:13:08 +0000  Skipping step: IDEDistributionCopyBCSymbolMapsStep because it said so
2020-01-17 03:13:08 +0000  Skipping step: IDEDistributionCopyBCSymbolMapsStep because it said so
2020-01-17 03:13:08 +0000  Skipping step: IDEDistributionCopyBCSymbolMapsStep because it said so
2020-01-17 03:13:08 +0000  Processing step: IDEDistributionSymbolsStep
2020-01-17 03:13:08 +0000  Skipping step: IDEDistributionSymbolsStep because it said so
2020-01-17 03:13:08 +0000  Skipping step: IDEDistributionSymbolsStep because it said so
2020-01-17 03:13:08 +0000  Skipping step: IDEDistributionSymbolsStep because it said so
2020-01-17 03:13:08 +0000  Skipping step: IDEDistributionSymbolsStep because it said so
2020-01-17 03:13:08 +0000  Skipping step: IDEDistributionSymbolsStep because it said so
2020-01-17 03:13:08 +0000  Skipping step: IDEDistributionSymbolsStep because it said so
2020-01-17 03:13:08 +0000  Skipping step: IDEDistributionSymbolsStep because it said so
2020-01-17 03:13:08 +0000  Skipping step: IDEDistributionSymbolsStep because it said so
2020-01-17 03:13:08 +0000  Skipping step: IDEDistributionSymbolsStep because it said so
2020-01-17 03:13:08 +0000  Skipping step: IDEDistributionSymbolsStep because it said so
2020-01-17 03:13:08 +0000  Skipping step: IDEDistributionSymbolsStep because it said so
2020-01-17 03:13:08 +0000  Skipping step: IDEDistributionSymbolsStep because it said so
2020-01-17 03:13:08 +0000  Processing step: IDEDistributionAppThinningStep
2020-01-17 03:13:08 +0000  Skipping step: IDEDistributionAppThinningStep because it said so
2020-01-17 03:13:08 +0000  Processing step: IDEDistributionArchThinningStep
2020-01-17 03:13:08 +0000  Running /Applications/Xcode.app/Contents/Developer/Toolchains/XcodeDefault.xctoolchain/usr/bin/lipo '/var/folders/2_/0wmkjr3518x35122wb_2y2g80000gn/T/XcodeDistPipeline.~~~I7YuNQ/Root/Applications/USB TPMS.app/Contents/Frameworks/Lottie.framework/Versions/A/Lottie' '-verify_arch' 'arm64e'
2020-01-17 03:13:08 +0000  /Applications/Xcode.app/Contents/Developer/Toolchains/XcodeDefault.xctoolchain/usr/bin/lipo exited with 1
2020-01-17 03:13:08 +0000  Skipping architecture thinning for item "Lottie" because arch "arm64e" wasn't found
2020-01-17 03:13:08 +0000  Running /Applications/Xcode.app/Contents/Developer/Toolchains/XcodeDefault.xctoolchain/usr/bin/lipo '/var/folders/2_/0wmkjr3518x35122wb_2y2g80000gn/T/XcodeDistPipeline.~~~I7YuNQ/Root/Applications/USB TPMS.app/Contents/Frameworks/ORSSerial.framework/Versions/A/ORSSerial' '-verify_arch' 'arm64e'
2020-01-17 03:13:08 +0000  /Applications/Xcode.app/Contents/Developer/Toolchains/XcodeDefault.xctoolchain/usr/bin/lipo exited with 1
2020-01-17 03:13:08 +0000  Skipping architecture thinning for item "ORSSerial" because arch "arm64e" wasn't found
2020-01-17 03:13:08 +0000  Running /Applications/Xcode.app/Contents/Developer/Toolchains/XcodeDefault.xctoolchain/usr/bin/lipo '/var/folders/2_/0wmkjr3518x35122wb_2y2g80000gn/T/XcodeDistPipeline.~~~I7YuNQ/Root/Applications/USB TPMS.app/Contents/Frameworks/libswiftCore.dylib' '-verify_arch' 'arm64e'
2020-01-17 03:13:08 +0000  /Applications/Xcode.app/Contents/Developer/Toolchains/XcodeDefault.xctoolchain/usr/bin/lipo exited with 1
2020-01-17 03:13:08 +0000  Skipping architecture thinning for item "libswiftCore.dylib" because arch "arm64e" wasn't found
2020-01-17 03:13:08 +0000  Running /Applications/Xcode.app/Contents/Developer/Toolchains/XcodeDefault.xctoolchain/usr/bin/lipo '/var/folders/2_/0wmkjr3518x35122wb_2y2g80000gn/T/XcodeDistPipeline.~~~I7YuNQ/Root/Applications/USB TPMS.app/Contents/Frameworks/libswiftCoreFoundation.dylib' '-verify_arch' 'arm64e'
2020-01-17 03:13:08 +0000  /Applications/Xcode.app/Contents/Developer/Toolchains/XcodeDefault.xctoolchain/usr/bin/lipo exited with 1
2020-01-17 03:13:08 +0000  Skipping architecture thinning for item "libswiftCoreFoundation.dylib" because arch "arm64e" wasn't found
2020-01-17 03:13:08 +0000  Running /Applications/Xcode.app/Contents/Developer/Toolchains/XcodeDefault.xctoolchain/usr/bin/lipo '/var/folders/2_/0wmkjr3518x35122wb_2y2g80000gn/T/XcodeDistPipeline.~~~I7YuNQ/Root/Applications/USB TPMS.app/Contents/Frameworks/libswiftCoreGraphics.dylib' '-verify_arch' 'arm64e'
2020-01-17 03:13:08 +0000  /Applications/Xcode.app/Contents/Developer/Toolchains/XcodeDefault.xctoolchain/usr/bin/lipo exited with 1
2020-01-17 03:13:08 +0000  Skipping architecture thinning for item "libswiftCoreGraphics.dylib" because arch "arm64e" wasn't found
2020-01-17 03:13:08 +0000  Running /Applications/Xcode.app/Contents/Developer/Toolchains/XcodeDefault.xctoolchain/usr/bin/lipo '/var/folders/2_/0wmkjr3518x35122wb_2y2g80000gn/T/XcodeDistPipeline.~~~I7YuNQ/Root/Applications/USB TPMS.app/Contents/Frameworks/libswiftDarwin.dylib' '-verify_arch' 'arm64e'
2020-01-17 03:13:08 +0000  /Applications/Xcode.app/Contents/Developer/Toolchains/XcodeDefault.xctoolchain/usr/bin/lipo exited with 1
2020-01-17 03:13:08 +0000  Skipping architecture thinning for item "libswiftDarwin.dylib" because arch "arm64e" wasn't found
2020-01-17 03:13:08 +0000  Running /Applications/Xcode.app/Contents/Developer/Toolchains/XcodeDefault.xctoolchain/usr/bin/lipo '/var/folders/2_/0wmkjr3518x35122wb_2y2g80000gn/T/XcodeDistPipeline.~~~I7YuNQ/Root/Applications/USB TPMS.app/Contents/Frameworks/libswiftDispatch.dylib' '-verify_arch' 'arm64e'
2020-01-17 03:13:08 +0000  /Applications/Xcode.app/Contents/Developer/Toolchains/XcodeDefault.xctoolchain/usr/bin/lipo exited with 1
2020-01-17 03:13:08 +0000  Skipping architecture thinning for item "libswiftDispatch.dylib" because arch "arm64e" wasn't found
2020-01-17 03:13:08 +0000  Running /Applications/Xcode.app/Contents/Developer/Toolchains/XcodeDefault.xctoolchain/usr/bin/lipo '/var/folders/2_/0wmkjr3518x35122wb_2y2g80000gn/T/XcodeDistPipeline.~~~I7YuNQ/Root/Applications/USB TPMS.app/Contents/Frameworks/libswiftFoundation.dylib' '-verify_arch' 'arm64e'
2020-01-17 03:13:08 +0000  /Applications/Xcode.app/Contents/Developer/Toolchains/XcodeDefault.xctoolchain/usr/bin/lipo exited with 1
2020-01-17 03:13:08 +0000  Skipping architecture thinning for item "libswiftFoundation.dylib" because arch "arm64e" wasn't found
2020-01-17 03:13:08 +0000  Running /Applications/Xcode.app/Contents/Developer/Toolchains/XcodeDefault.xctoolchain/usr/bin/lipo '/var/folders/2_/0wmkjr3518x35122wb_2y2g80000gn/T/XcodeDistPipeline.~~~I7YuNQ/Root/Applications/USB TPMS.app/Contents/Frameworks/libswiftIOKit.dylib' '-verify_arch' 'arm64e'
2020-01-17 03:13:08 +0000  /Applications/Xcode.app/Contents/Developer/Toolchains/XcodeDefault.xctoolchain/usr/bin/lipo exited with 1
2020-01-17 03:13:08 +0000  Skipping architecture thinning for item "libswiftIOKit.dylib" because arch "arm64e" wasn't found
2020-01-17 03:13:08 +0000  Running /Applications/Xcode.app/Contents/Developer/Toolchains/XcodeDefault.xctoolchain/usr/bin/lipo '/var/folders/2_/0wmkjr3518x35122wb_2y2g80000gn/T/XcodeDistPipeline.~~~I7YuNQ/Root/Applications/USB TPMS.app/Contents/Frameworks/libswiftObjectiveC.dylib' '-verify_arch' 'arm64e'
2020-01-17 03:13:08 +0000  /Applications/Xcode.app/Contents/Developer/Toolchains/XcodeDefault.xctoolchain/usr/bin/lipo exited with 1
2020-01-17 03:13:08 +0000  Skipping architecture thinning for item "libswiftObjectiveC.dylib" because arch "arm64e" wasn't found
2020-01-17 03:13:08 +0000  Running /Applications/Xcode.app/Contents/Developer/Toolchains/XcodeDefault.xctoolchain/usr/bin/lipo '/var/folders/2_/0wmkjr3518x35122wb_2y2g80000gn/T/XcodeDistPipeline.~~~I7YuNQ/Root/Applications/USB TPMS.app/Contents/PlugIns/ORSSerialPort Tests.xctest/Contents/MacOS/ORSSerialPort Tests' '-verify_arch' 'arm64e'
2020-01-17 03:13:08 +0000  /Applications/Xcode.app/Contents/Developer/Toolchains/XcodeDefault.xctoolchain/usr/bin/lipo exited with 1
2020-01-17 03:13:08 +0000  Skipping architecture thinning for item "ORSSerialPort Tests" because arch "arm64e" wasn't found
2020-01-17 03:13:08 +0000  Running /Applications/Xcode.app/Contents/Developer/Toolchains/XcodeDefault.xctoolchain/usr/bin/lipo '/var/folders/2_/0wmkjr3518x35122wb_2y2g80000gn/T/XcodeDistPipeline.~~~I7YuNQ/Root/Applications/USB TPMS.app/Contents/MacOS/USB TPMS' '-verify_arch' 'arm64e'
2020-01-17 03:13:08 +0000  /Applications/Xcode.app/Contents/Developer/Toolchains/XcodeDefault.xctoolchain/usr/bin/lipo exited with 1
2020-01-17 03:13:08 +0000  Skipping architecture thinning for item "USB TPMS" because arch "arm64e" wasn't found
2020-01-17 03:13:08 +0000  Processing step: IDEDistributionODRStep
2020-01-17 03:13:08 +0000  Processing step: IDEDistributionStripXattrsStep
2020-01-17 03:13:08 +0000  Skipping stripping extended attributes of item: <IDEDistributionItem: 0x7f800e1624d0; bundleID='org.cocoapods.Lottie', path='<DVTFilePath:0x7f800a3850c0:'/Users/jianzhi.wang/Library/Developer/Xcode/Archives/2020-01-16/USB TPMS 2020-1-16, 6.56 PM.xcarchive/Products/Applications/USB TPMS.app/Contents/Frameworks/Lottie.framework/Versions/A'>', codeSigningInfo='<_DVTCodeSigningInformation_Path: 0x7f800d613d80; isSigned='1', isAdHocSigned='0', signingCertificate='<DVTSigningCertificate: 0x7f800d44bcf0; name='Apple Development: Steve Yu (QCZM92LM36)', hash='4C1E9503C7C5D387D1EFF6FC46E160CEFB31E8A5', serialNumber='796B699123534BC7', certificateKinds='(
    "1.2.840.113635.100.6.1.12",
    "1.2.840.113635.100.6.1.2"
), issueDate='2020-01-03 15:04:34 +0000''>', entitlements='(null)', teamID='HEQGGF6N89', identifier='org.cocoapods.Lottie', executablePath='<DVTFilePath:0x7f800a760570:'/Users/jianzhi.wang/Library/Developer/Xcode/Archives/2020-01-16/USB TPMS 2020-1-16, 6.56 PM.xcarchive/Products/Applications/USB TPMS.app/Contents/Frameworks/Lottie.framework/Versions/A/Lottie'>', hardenedRuntime='0'>'>
2020-01-17 03:13:08 +0000  Skipping stripping extended attributes of item: <IDEDistributionItem: 0x7f80093c9080; bundleID='com.openreelsoftware.ORSSerial', path='<DVTFilePath:0x7f800a3a0d30:'/Users/jianzhi.wang/Library/Developer/Xcode/Archives/2020-01-16/USB TPMS 2020-1-16, 6.56 PM.xcarchive/Products/Applications/USB TPMS.app/Contents/Frameworks/ORSSerial.framework/Versions/A'>', codeSigningInfo='<_DVTCodeSigningInformation_Path: 0x7f800e6a9970; isSigned='1', isAdHocSigned='0', signingCertificate='<DVTSigningCertificate: 0x7f800d44bcf0; name='Apple Development: Steve Yu (QCZM92LM36)', hash='4C1E9503C7C5D387D1EFF6FC46E160CEFB31E8A5', serialNumber='796B699123534BC7', certificateKinds='(
    "1.2.840.113635.100.6.1.12",
    "1.2.840.113635.100.6.1.2"
), issueDate='2020-01-03 15:04:34 +0000''>', entitlements='(null)', teamID='HEQGGF6N89', identifier='com.openreelsoftware.ORSSerial', executablePath='<DVTFilePath:0x7f800bd220f0:'/Users/jianzhi.wang/Library/Developer/Xcode/Archives/2020-01-16/USB TPMS 2020-1-16, 6.56 PM.xcarchive/Products/Applications/USB TPMS.app/Contents/Frameworks/ORSSerial.framework/Versions/A/ORSSerial'>', hardenedRuntime='0'>'>
2020-01-17 03:13:08 +0000  Skipping stripping extended attributes of item: <IDEDistributionItem: 0x7f800a4c11b0; bundleID='com.apple.dt.runtime.swiftCore', path='<DVTFilePath:0x7f800ce21d50:'/Users/jianzhi.wang/Library/Developer/Xcode/Archives/2020-01-16/USB TPMS 2020-1-16, 6.56 PM.xcarchive/Products/Applications/USB TPMS.app/Contents/Frameworks/libswiftCore.dylib'>', codeSigningInfo='<_DVTCodeSigningInformation_Path: 0x7f800b879950; isSigned='1', isAdHocSigned='0', signingCertificate='<DVTSigningCertificate: 0x7f800d44bcf0; name='Apple Development: Steve Yu (QCZM92LM36)', hash='4C1E9503C7C5D387D1EFF6FC46E160CEFB31E8A5', serialNumber='796B699123534BC7', certificateKinds='(
    "1.2.840.113635.100.6.1.12",
    "1.2.840.113635.100.6.1.2"
), issueDate='2020-01-03 15:04:34 +0000''>', entitlements='(null)', teamID='HEQGGF6N89', identifier='com.apple.dt.runtime.swiftCore', executablePath='<DVTFilePath:0x7f800ce21d50:'/Users/jianzhi.wang/Library/Developer/Xcode/Archives/2020-01-16/USB TPMS 2020-1-16, 6.56 PM.xcarchive/Products/Applications/USB TPMS.app/Contents/Frameworks/libswiftCore.dylib'>', hardenedRuntime='0'>'>
2020-01-17 03:13:08 +0000  Skipping stripping extended attributes of item: <IDEDistributionItem: 0x7f800d43a750; bundleID='com.apple.dt.runtime.swiftCoreFoundation', path='<DVTFilePath:0x7f800b8a0350:'/Users/jianzhi.wang/Library/Developer/Xcode/Archives/2020-01-16/USB TPMS 2020-1-16, 6.56 PM.xcarchive/Products/Applications/USB TPMS.app/Contents/Frameworks/libswiftCoreFoundation.dylib'>', codeSigningInfo='<_DVTCodeSigningInformation_Path: 0x7f800e3f95e0; isSigned='1', isAdHocSigned='0', signingCertificate='<DVTSigningCertificate: 0x7f800d44bcf0; name='Apple Development: Steve Yu (QCZM92LM36)', hash='4C1E9503C7C5D387D1EFF6FC46E160CEFB31E8A5', serialNumber='796B699123534BC7', certificateKinds='(
    "1.2.840.113635.100.6.1.12",
    "1.2.840.113635.100.6.1.2"
), issueDate='2020-01-03 15:04:34 +0000''>', entitlements='(null)', teamID='HEQGGF6N89', identifier='com.apple.dt.runtime.swiftCoreFoundation', executablePath='<DVTFilePath:0x7f800b8a0350:'/Users/jianzhi.wang/Library/Developer/Xcode/Archives/2020-01-16/USB TPMS 2020-1-16, 6.56 PM.xcarchive/Products/Applications/USB TPMS.app/Contents/Frameworks/libswiftCoreFoundation.dylib'>', hardenedRuntime='0'>'>
2020-01-17 03:13:08 +0000  Skipping stripping extended attributes of item: <IDEDistributionItem: 0x7f800e5df400; bundleID='com.apple.dt.runtime.swiftCoreGraphics', path='<DVTFilePath:0x7f800c9ebca0:'/Users/jianzhi.wang/Library/Developer/Xcode/Archives/2020-01-16/USB TPMS 2020-1-16, 6.56 PM.xcarchive/Products/Applications/USB TPMS.app/Contents/Frameworks/libswiftCoreGraphics.dylib'>', codeSigningInfo='<_DVTCodeSigningInformation_Path: 0x7f800cb35090; isSigned='1', isAdHocSigned='0', signingCertificate='<DVTSigningCertificate: 0x7f800d44bcf0; name='Apple Development: Steve Yu (QCZM92LM36)', hash='4C1E9503C7C5D387D1EFF6FC46E160CEFB31E8A5', serialNumber='796B699123534BC7', certificateKinds='(
    "1.2.840.113635.100.6.1.12",
    "1.2.840.113635.100.6.1.2"
), issueDate='2020-01-03 15:04:34 +0000''>', entitlements='(null)', teamID='HEQGGF6N89', identifier='com.apple.dt.runtime.swiftCoreGraphics', executablePath='<DVTFilePath:0x7f800c9ebca0:'/Users/jianzhi.wang/Library/Developer/Xcode/Archives/2020-01-16/USB TPMS 2020-1-16, 6.56 PM.xcarchive/Products/Applications/USB TPMS.app/Contents/Frameworks/libswiftCoreGraphics.dylib'>', hardenedRuntime='0'>'>
2020-01-17 03:13:08 +0000  Skipping stripping extended attributes of item: <IDEDistributionItem: 0x7f800ceeccd0; bundleID='com.apple.dt.runtime.swiftDarwin', path='<DVTFilePath:0x7f800cd0d250:'/Users/jianzhi.wang/Library/Developer/Xcode/Archives/2020-01-16/USB TPMS 2020-1-16, 6.56 PM.xcarchive/Products/Applications/USB TPMS.app/Contents/Frameworks/libswiftDarwin.dylib'>', codeSigningInfo='<_DVTCodeSigningInformation_Path: 0x7f800d58bff0; isSigned='1', isAdHocSigned='0', signingCertificate='<DVTSigningCertificate: 0x7f800d44bcf0; name='Apple Development: Steve Yu (QCZM92LM36)', hash='4C1E9503C7C5D387D1EFF6FC46E160CEFB31E8A5', serialNumber='796B699123534BC7', certificateKinds='(
    "1.2.840.113635.100.6.1.12",
    "1.2.840.113635.100.6.1.2"
), issueDate='2020-01-03 15:04:34 +0000''>', entitlements='(null)', teamID='HEQGGF6N89', identifier='com.apple.dt.runtime.swiftDarwin', executablePath='<DVTFilePath:0x7f800cd0d250:'/Users/jianzhi.wang/Library/Developer/Xcode/Archives/2020-01-16/USB TPMS 2020-1-16, 6.56 PM.xcarchive/Products/Applications/USB TPMS.app/Contents/Frameworks/libswiftDarwin.dylib'>', hardenedRuntime='0'>'>
2020-01-17 03:13:08 +0000  Skipping stripping extended attributes of item: <IDEDistributionItem: 0x7f800e515a20; bundleID='com.apple.dt.runtime.swiftDispatch', path='<DVTFilePath:0x7f800ce6e200:'/Users/jianzhi.wang/Library/Developer/Xcode/Archives/2020-01-16/USB TPMS 2020-1-16, 6.56 PM.xcarchive/Products/Applications/USB TPMS.app/Contents/Frameworks/libswiftDispatch.dylib'>', codeSigningInfo='<_DVTCodeSigningInformation_Path: 0x7f800e391bb0; isSigned='1', isAdHocSigned='0', signingCertificate='<DVTSigningCertificate: 0x7f800d44bcf0; name='Apple Development: Steve Yu (QCZM92LM36)', hash='4C1E9503C7C5D387D1EFF6FC46E160CEFB31E8A5', serialNumber='796B699123534BC7', certificateKinds='(
    "1.2.840.113635.100.6.1.12",
    "1.2.840.113635.100.6.1.2"
), issueDate='2020-01-03 15:04:34 +0000''>', entitlements='(null)', teamID='HEQGGF6N89', identifier='com.apple.dt.runtime.swiftDispatch', executablePath='<DVTFilePath:0x7f800ce6e200:'/Users/jianzhi.wang/Library/Developer/Xcode/Archives/2020-01-16/USB TPMS 2020-1-16, 6.56 PM.xcarchive/Products/Applications/USB TPMS.app/Contents/Frameworks/libswiftDispatch.dylib'>', hardenedRuntime='0'>'>
2020-01-17 03:13:08 +0000  Skipping stripping extended attributes of item: <IDEDistributionItem: 0x7f800e61fcc0; bundleID='com.apple.dt.runtime.swiftFoundation', path='<DVTFilePath:0x7f800be170e0:'/Users/jianzhi.wang/Library/Developer/Xcode/Archives/2020-01-16/USB TPMS 2020-1-16, 6.56 PM.xcarchive/Products/Applications/USB TPMS.app/Contents/Frameworks/libswiftFoundation.dylib'>', codeSigningInfo='<_DVTCodeSigningInformation_Path: 0x7f800cf501b0; isSigned='1', isAdHocSigned='0', signingCertificate='<DVTSigningCertificate: 0x7f800d44bcf0; name='Apple Development: Steve Yu (QCZM92LM36)', hash='4C1E9503C7C5D387D1EFF6FC46E160CEFB31E8A5', serialNumber='796B699123534BC7', certificateKinds='(
    "1.2.840.113635.100.6.1.12",
    "1.2.840.113635.100.6.1.2"
), issueDate='2020-01-03 15:04:34 +0000''>', entitlements='(null)', teamID='HEQGGF6N89', identifier='com.apple.dt.runtime.swiftFoundation', executablePath='<DVTFilePath:0x7f800be170e0:'/Users/jianzhi.wang/Library/Developer/Xcode/Archives/2020-01-16/USB TPMS 2020-1-16, 6.56 PM.xcarchive/Products/Applications/USB TPMS.app/Contents/Frameworks/libswiftFoundation.dylib'>', hardenedRuntime='0'>'>
2020-01-17 03:13:08 +0000  Skipping stripping extended attributes of item: <IDEDistributionItem: 0x7f800cbc2d90; bundleID='com.apple.dt.runtime.swiftIOKit', path='<DVTFilePath:0x7f800cd278d0:'/Users/jianzhi.wang/Library/Developer/Xcode/Archives/2020-01-16/USB TPMS 2020-1-16, 6.56 PM.xcarchive/Products/Applications/USB TPMS.app/Contents/Frameworks/libswiftIOKit.dylib'>', codeSigningInfo='<_DVTCodeSigningInformation_Path: 0x7f800e6b3e50; isSigned='1', isAdHocSigned='0', signingCertificate='<DVTSigningCertificate: 0x7f800d44bcf0; name='Apple Development: Steve Yu (QCZM92LM36)', hash='4C1E9503C7C5D387D1EFF6FC46E160CEFB31E8A5', serialNumber='796B699123534BC7', certificateKinds='(
    "1.2.840.113635.100.6.1.12",
    "1.2.840.113635.100.6.1.2"
), issueDate='2020-01-03 15:04:34 +0000''>', entitlements='(null)', teamID='HEQGGF6N89', identifier='com.apple.dt.runtime.swiftIOKit', executablePath='<DVTFilePath:0x7f800cd278d0:'/Users/jianzhi.wang/Library/Developer/Xcode/Archives/2020-01-16/USB TPMS 2020-1-16, 6.56 PM.xcarchive/Products/Applications/USB TPMS.app/Contents/Frameworks/libswiftIOKit.dylib'>', hardenedRuntime='0'>'>
2020-01-17 03:13:08 +0000  Skipping stripping extended attributes of item: <IDEDistributionItem: 0x7f800c8012e0; bundleID='com.apple.dt.runtime.swiftObjectiveC', path='<DVTFilePath:0x7f800bd15b90:'/Users/jianzhi.wang/Library/Developer/Xcode/Archives/2020-01-16/USB TPMS 2020-1-16, 6.56 PM.xcarchive/Products/Applications/USB TPMS.app/Contents/Frameworks/libswiftObjectiveC.dylib'>', codeSigningInfo='<_DVTCodeSigningInformation_Path: 0x7f800d51f9e0; isSigned='1', isAdHocSigned='0', signingCertificate='<DVTSigningCertificate: 0x7f800d44bcf0; name='Apple Development: Steve Yu (QCZM92LM36)', hash='4C1E9503C7C5D387D1EFF6FC46E160CEFB31E8A5', serialNumber='796B699123534BC7', certificateKinds='(
    "1.2.840.113635.100.6.1.12",
    "1.2.840.113635.100.6.1.2"
), issueDate='2020-01-03 15:04:34 +0000''>', entitlements='(null)', teamID='HEQGGF6N89', identifier='com.apple.dt.runtime.swiftObjectiveC', executablePath='<DVTFilePath:0x7f800bd15b90:'/Users/jianzhi.wang/Library/Developer/Xcode/Archives/2020-01-16/USB TPMS 2020-1-16, 6.56 PM.xcarchive/Products/Applications/USB TPMS.app/Contents/Frameworks/libswiftObjectiveC.dylib'>', hardenedRuntime='0'>'>
2020-01-17 03:13:08 +0000  Skipping stripping extended attributes of item: <IDEDistributionItem: 0x7f8008caf6e0; bundleID='com.openreelsoftware.ORSSerialPort-Tests', path='<DVTFilePath:0x7f800bd5faa0:'/Users/jianzhi.wang/Library/Developer/Xcode/Archives/2020-01-16/USB TPMS 2020-1-16, 6.56 PM.xcarchive/Products/Applications/USB TPMS.app/Contents/PlugIns/ORSSerialPort Tests.xctest'>', codeSigningInfo='<_DVTCodeSigningInformation_Path: 0x7f800e3cf100; isSigned='1', isAdHocSigned='0', signingCertificate='<DVTSigningCertificate: 0x7f800d44bcf0; name='Apple Development: Steve Yu (QCZM92LM36)', hash='4C1E9503C7C5D387D1EFF6FC46E160CEFB31E8A5', serialNumber='796B699123534BC7', certificateKinds='(
    "1.2.840.113635.100.6.1.12",
    "1.2.840.113635.100.6.1.2"
), issueDate='2020-01-03 15:04:34 +0000''>', entitlements='(null)', teamID='HEQGGF6N89', identifier='com.openreelsoftware.ORSSerialPort-Tests', executablePath='<DVTFilePath:0x7f800a382e10:'/Users/jianzhi.wang/Library/Developer/Xcode/Archives/2020-01-16/USB TPMS 2020-1-16, 6.56 PM.xcarchive/Products/Applications/USB TPMS.app/Contents/PlugIns/ORSSerialPort Tests.xctest/Contents/MacOS/ORSSerialPort Tests'>', hardenedRuntime='0'>'>
2020-01-17 03:13:08 +0000  Running /usr/bin/xattr '-crs' '/var/folders/2_/0wmkjr3518x35122wb_2y2g80000gn/T/XcodeDistPipeline.~~~I7YuNQ/Root/Applications/USB TPMS.app'
2020-01-17 03:13:08 +0000  /usr/bin/xattr exited with 0
2020-01-17 03:13:08 +0000  Processing step: IDEDistributionCodesignStep
2020-01-17 03:13:08 +0000  Entitlements for <IDEDistributionItem: 0x7f800e1624d0; bundleID='org.cocoapods.Lottie', path='<DVTFilePath:0x7f800a3850c0:'/Users/jianzhi.wang/Library/Developer/Xcode/Archives/2020-01-16/USB TPMS 2020-1-16, 6.56 PM.xcarchive/Products/Applications/USB TPMS.app/Contents/Frameworks/Lottie.framework/Versions/A'>', codeSigningInfo='<_DVTCodeSigningInformation_Path: 0x7f800d613d80; isSigned='1', isAdHocSigned='0', signingCertificate='<DVTSigningCertificate: 0x7f800d44bcf0; name='Apple Development: Steve Yu (QCZM92LM36)', hash='4C1E9503C7C5D387D1EFF6FC46E160CEFB31E8A5', serialNumber='796B699123534BC7', certificateKinds='(
    "1.2.840.113635.100.6.1.12",
    "1.2.840.113635.100.6.1.2"
), issueDate='2020-01-03 15:04:34 +0000''>', entitlements='(null)', teamID='HEQGGF6N89', identifier='org.cocoapods.Lottie', executablePath='<DVTFilePath:0x7f800a760570:'/Users/jianzhi.wang/Library/Developer/Xcode/Archives/2020-01-16/USB TPMS 2020-1-16, 6.56 PM.xcarchive/Products/Applications/USB TPMS.app/Contents/Frameworks/Lottie.framework/Versions/A/Lottie'>', hardenedRuntime='0'>'>: {
}
2020-01-17 03:13:08 +0000  Writing entitlements for <IDEDistributionItem: 0x7f800e1624d0; bundleID='org.cocoapods.Lottie', path='<DVTFilePath:0x7f800a3850c0:'/Users/jianzhi.wang/Library/Developer/Xcode/Archives/2020-01-16/USB TPMS 2020-1-16, 6.56 PM.xcarchive/Products/Applications/USB TPMS.app/Contents/Frameworks/Lottie.framework/Versions/A'>', codeSigningInfo='<_DVTCodeSigningInformation_Path: 0x7f800d613d80; isSigned='1', isAdHocSigned='0', signingCertificate='<DVTSigningCertificate: 0x7f800e681fe0; name='Apple Development: Steve Yu (QCZM92LM36)', hash='4C1E9503C7C5D387D1EFF6FC46E160CEFB31E8A5', serialNumber='796B699123534BC7', certificateKinds='(
    "1.2.840.113635.100.6.1.12",
    "1.2.840.113635.100.6.1.2"
), issueDate='2020-01-03 15:04:34 +0000''>', entitlements='(null)', teamID='HEQGGF6N89', identifier='org.cocoapods.Lottie', executablePath='<DVTFilePath:0x7f800a760570:'/Users/jianzhi.wang/Library/Developer/Xcode/Archives/2020-01-16/USB TPMS 2020-1-16, 6.56 PM.xcarchive/Products/Applications/USB TPMS.app/Contents/Frameworks/Lottie.framework/Versions/A/Lottie'>', hardenedRuntime='0'>'> to: /var/folders/2_/0wmkjr3518x35122wb_2y2g80000gn/T/XcodeDistPipeline.~~~I7YuNQ/entitlements~~~Hpvwop
2020-01-17 03:13:08 +0000  Running /usr/bin/codesign '-vvv' '--force' '--sign' '0CE2F6955DC82825CEEEB24E526F267ABC48532E' '--entitlements' '/var/folders/2_/0wmkjr3518x35122wb_2y2g80000gn/T/XcodeDistPipeline.~~~I7YuNQ/entitlements~~~Hpvwop' '--preserve-metadata=identifier,flags,runtime' '--requirements' '=designated => anchor apple generic  and identifier "$self.identifier" and ((cert leaf[field.1.2.840.113635.100.6.1.9] exists) or ( certificate 1[field.1.2.840.113635.100.6.2.6] exists and certificate leaf[field.1.2.840.113635.100.6.1.13] exists  and certificate leaf[subject.OU] = "HEQGGF6N89" ))' '/var/folders/2_/0wmkjr3518x35122wb_2y2g80000gn/T/XcodeDistPipeline.~~~I7YuNQ/Root/Applications/USB TPMS.app/Contents/Frameworks/Lottie.framework/Versions/A'
2020-01-17 03:13:08 +0000  /var/folders/2_/0wmkjr3518x35122wb_2y2g80000gn/T/XcodeDistPipeline.~~~I7YuNQ/Root/Applications/USB TPMS.app/Contents/Frameworks/Lottie.framework/Versions/A: replacing existing signature
2020-01-17 03:13:08 +0000  /var/folders/2_/0wmkjr3518x35122wb_2y2g80000gn/T/XcodeDistPipeline.~~~I7YuNQ/Root/Applications/USB TPMS.app/Contents/Frameworks/Lottie.framework/Versions/A: signed bundle with Mach-O thin (x86_64) [org.cocoapods.Lottie]
2020-01-17 03:13:08 +0000  /usr/bin/codesign exited with 0
2020-01-17 03:13:08 +0000  Entitlements for <IDEDistributionItem: 0x7f80093c9080; bundleID='com.openreelsoftware.ORSSerial', path='<DVTFilePath:0x7f800a3a0d30:'/Users/jianzhi.wang/Library/Developer/Xcode/Archives/2020-01-16/USB TPMS 2020-1-16, 6.56 PM.xcarchive/Products/Applications/USB TPMS.app/Contents/Frameworks/ORSSerial.framework/Versions/A'>', codeSigningInfo='<_DVTCodeSigningInformation_Path: 0x7f800e6a9970; isSigned='1', isAdHocSigned='0', signingCertificate='<DVTSigningCertificate: 0x7f800e13ce90; name='Apple Development: Steve Yu (QCZM92LM36)', hash='4C1E9503C7C5D387D1EFF6FC46E160CEFB31E8A5', serialNumber='796B699123534BC7', certificateKinds='(
    "1.2.840.113635.100.6.1.12",
    "1.2.840.113635.100.6.1.2"
), issueDate='2020-01-03 15:04:34 +0000''>', entitlements='(null)', teamID='HEQGGF6N89', identifier='com.openreelsoftware.ORSSerial', executablePath='<DVTFilePath:0x7f800bd220f0:'/Users/jianzhi.wang/Library/Developer/Xcode/Archives/2020-01-16/USB TPMS 2020-1-16, 6.56 PM.xcarchive/Products/Applications/USB TPMS.app/Contents/Frameworks/ORSSerial.framework/Versions/A/ORSSerial'>', hardenedRuntime='0'>'>: {
}
2020-01-17 03:13:08 +0000  Writing entitlements for <IDEDistributionItem: 0x7f80093c9080; bundleID='com.openreelsoftware.ORSSerial', path='<DVTFilePath:0x7f800a3a0d30:'/Users/jianzhi.wang/Library/Developer/Xcode/Archives/2020-01-16/USB TPMS 2020-1-16, 6.56 PM.xcarchive/Products/Applications/USB TPMS.app/Contents/Frameworks/ORSSerial.framework/Versions/A'>', codeSigningInfo='<_DVTCodeSigningInformation_Path: 0x7f800e6a9970; isSigned='1', isAdHocSigned='0', signingCertificate='<DVTSigningCertificate: 0x7f800e3d79c0; name='Apple Development: Steve Yu (QCZM92LM36)', hash='4C1E9503C7C5D387D1EFF6FC46E160CEFB31E8A5', serialNumber='796B699123534BC7', certificateKinds='(
    "1.2.840.113635.100.6.1.12",
    "1.2.840.113635.100.6.1.2"
), issueDate='2020-01-03 15:04:34 +0000''>', entitlements='(null)', teamID='HEQGGF6N89', identifier='com.openreelsoftware.ORSSerial', executablePath='<DVTFilePath:0x7f800bd220f0:'/Users/jianzhi.wang/Library/Developer/Xcode/Archives/2020-01-16/USB TPMS 2020-1-16, 6.56 PM.xcarchive/Products/Applications/USB TPMS.app/Contents/Frameworks/ORSSerial.framework/Versions/A/ORSSerial'>', hardenedRuntime='0'>'> to: /var/folders/2_/0wmkjr3518x35122wb_2y2g80000gn/T/XcodeDistPipeline.~~~I7YuNQ/entitlements~~~Yt68Za
2020-01-17 03:13:08 +0000  Running /usr/bin/codesign '-vvv' '--force' '--sign' '0CE2F6955DC82825CEEEB24E526F267ABC48532E' '--entitlements' '/var/folders/2_/0wmkjr3518x35122wb_2y2g80000gn/T/XcodeDistPipeline.~~~I7YuNQ/entitlements~~~Yt68Za' '--preserve-metadata=identifier,flags,runtime' '--requirements' '=designated => anchor apple generic  and identifier "$self.identifier" and ((cert leaf[field.1.2.840.113635.100.6.1.9] exists) or ( certificate 1[field.1.2.840.113635.100.6.2.6] exists and certificate leaf[field.1.2.840.113635.100.6.1.13] exists  and certificate leaf[subject.OU] = "HEQGGF6N89" ))' '/var/folders/2_/0wmkjr3518x35122wb_2y2g80000gn/T/XcodeDistPipeline.~~~I7YuNQ/Root/Applications/USB TPMS.app/Contents/Frameworks/ORSSerial.framework/Versions/A'
2020-01-17 03:13:09 +0000  /var/folders/2_/0wmkjr3518x35122wb_2y2g80000gn/T/XcodeDistPipeline.~~~I7YuNQ/Root/Applications/USB TPMS.app/Contents/Frameworks/ORSSerial.framework/Versions/A: replacing existing signature
2020-01-17 03:13:09 +0000  /var/folders/2_/0wmkjr3518x35122wb_2y2g80000gn/T/XcodeDistPipeline.~~~I7YuNQ/Root/Applications/USB TPMS.app/Contents/Frameworks/ORSSerial.framework/Versions/A: signed bundle with Mach-O thin (x86_64) [com.openreelsoftware.ORSSerial]
2020-01-17 03:13:09 +0000  /usr/bin/codesign exited with 0
2020-01-17 03:13:09 +0000  Entitlements for <IDEDistributionItem: 0x7f800a4c11b0; bundleID='com.apple.dt.runtime.swiftCore', path='<DVTFilePath:0x7f800ce21d50:'/Users/jianzhi.wang/Library/Developer/Xcode/Archives/2020-01-16/USB TPMS 2020-1-16, 6.56 PM.xcarchive/Products/Applications/USB TPMS.app/Contents/Frameworks/libswiftCore.dylib'>', codeSigningInfo='<_DVTCodeSigningInformation_Path: 0x7f800b879950; isSigned='1', isAdHocSigned='0', signingCertificate='<DVTSigningCertificate: 0x7f8008c8a450; name='Apple Development: Steve Yu (QCZM92LM36)', hash='4C1E9503C7C5D387D1EFF6FC46E160CEFB31E8A5', serialNumber='796B699123534BC7', certificateKinds='(
    "1.2.840.113635.100.6.1.12",
    "1.2.840.113635.100.6.1.2"
), issueDate='2020-01-03 15:04:34 +0000''>', entitlements='(null)', teamID='HEQGGF6N89', identifier='com.apple.dt.runtime.swiftCore', executablePath='<DVTFilePath:0x7f800ce21d50:'/Users/jianzhi.wang/Library/Developer/Xcode/Archives/2020-01-16/USB TPMS 2020-1-16, 6.56 PM.xcarchive/Products/Applications/USB TPMS.app/Contents/Frameworks/libswiftCore.dylib'>', hardenedRuntime='0'>'>: {
}
2020-01-17 03:13:09 +0000  Writing entitlements for <IDEDistributionItem: 0x7f800a4c11b0; bundleID='com.apple.dt.runtime.swiftCore', path='<DVTFilePath:0x7f800ce21d50:'/Users/jianzhi.wang/Library/Developer/Xcode/Archives/2020-01-16/USB TPMS 2020-1-16, 6.56 PM.xcarchive/Products/Applications/USB TPMS.app/Contents/Frameworks/libswiftCore.dylib'>', codeSigningInfo='<_DVTCodeSigningInformation_Path: 0x7f800b879950; isSigned='1', isAdHocSigned='0', signingCertificate='<DVTSigningCertificate: 0x7f800d44bcf0; name='Apple Development: Steve Yu (QCZM92LM36)', hash='4C1E9503C7C5D387D1EFF6FC46E160CEFB31E8A5', serialNumber='796B699123534BC7', certificateKinds='(
    "1.2.840.113635.100.6.1.12",
    "1.2.840.113635.100.6.1.2"
), issueDate='2020-01-03 15:04:34 +0000''>', entitlements='(null)', teamID='HEQGGF6N89', identifier='com.apple.dt.runtime.swiftCore', executablePath='<DVTFilePath:0x7f800ce21d50:'/Users/jianzhi.wang/Library/Developer/Xcode/Archives/2020-01-16/USB TPMS 2020-1-16, 6.56 PM.xcarchive/Products/Applications/USB TPMS.app/Contents/Frameworks/libswiftCore.dylib'>', hardenedRuntime='0'>'> to: /var/folders/2_/0wmkjr3518x35122wb_2y2g80000gn/T/XcodeDistPipeline.~~~I7YuNQ/entitlements~~~p6dViC
2020-01-17 03:13:09 +0000  Running /usr/bin/codesign '-vvv' '--force' '--sign' '0CE2F6955DC82825CEEEB24E526F267ABC48532E' '--entitlements' '/var/folders/2_/0wmkjr3518x35122wb_2y2g80000gn/T/XcodeDistPipeline.~~~I7YuNQ/entitlements~~~p6dViC' '--preserve-metadata=identifier,flags,runtime' '--requirements' '=designated => anchor apple generic  and identifier "$self.identifier" and ((cert leaf[field.1.2.840.113635.100.6.1.9] exists) or ( certificate 1[field.1.2.840.113635.100.6.2.6] exists and certificate leaf[field.1.2.840.113635.100.6.1.13] exists  and certificate leaf[subject.OU] = "HEQGGF6N89" ))' '/var/folders/2_/0wmkjr3518x35122wb_2y2g80000gn/T/XcodeDistPipeline.~~~I7YuNQ/Root/Applications/USB TPMS.app/Contents/Frameworks/libswiftCore.dylib'
2020-01-17 03:13:09 +0000  /var/folders/2_/0wmkjr3518x35122wb_2y2g80000gn/T/XcodeDistPipeline.~~~I7YuNQ/Root/Applications/USB TPMS.app/Contents/Frameworks/libswiftCore.dylib: replacing existing signature
2020-01-17 03:13:09 +0000  /var/folders/2_/0wmkjr3518x35122wb_2y2g80000gn/T/XcodeDistPipeline.~~~I7YuNQ/Root/Applications/USB TPMS.app/Contents/Frameworks/libswiftCore.dylib: signed Mach-O thin (x86_64) [com.apple.dt.runtime.swiftCore]
2020-01-17 03:13:09 +0000  /usr/bin/codesign exited with 0
2020-01-17 03:13:09 +0000  Entitlements for <IDEDistributionItem: 0x7f800d43a750; bundleID='com.apple.dt.runtime.swiftCoreFoundation', path='<DVTFilePath:0x7f800b8a0350:'/Users/jianzhi.wang/Library/Developer/Xcode/Archives/2020-01-16/USB TPMS 2020-1-16, 6.56 PM.xcarchive/Products/Applications/USB TPMS.app/Contents/Frameworks/libswiftCoreFoundation.dylib'>', codeSigningInfo='<_DVTCodeSigningInformation_Path: 0x7f800e3f95e0; isSigned='1', isAdHocSigned='0', signingCertificate='<DVTSigningCertificate: 0x7f800e13ce90; name='Apple Development: Steve Yu (QCZM92LM36)', hash='4C1E9503C7C5D387D1EFF6FC46E160CEFB31E8A5', serialNumber='796B699123534BC7', certificateKinds='(
    "1.2.840.113635.100.6.1.12",
    "1.2.840.113635.100.6.1.2"
), issueDate='2020-01-03 15:04:34 +0000''>', entitlements='(null)', teamID='HEQGGF6N89', identifier='com.apple.dt.runtime.swiftCoreFoundation', executablePath='<DVTFilePath:0x7f800b8a0350:'/Users/jianzhi.wang/Library/Developer/Xcode/Archives/2020-01-16/USB TPMS 2020-1-16, 6.56 PM.xcarchive/Products/Applications/USB TPMS.app/Contents/Frameworks/libswiftCoreFoundation.dylib'>', hardenedRuntime='0'>'>: {
}
2020-01-17 03:13:09 +0000  Writing entitlements for <IDEDistributionItem: 0x7f800d43a750; bundleID='com.apple.dt.runtime.swiftCoreFoundation', path='<DVTFilePath:0x7f800b8a0350:'/Users/jianzhi.wang/Library/Developer/Xcode/Archives/2020-01-16/USB TPMS 2020-1-16, 6.56 PM.xcarchive/Products/Applications/USB TPMS.app/Contents/Frameworks/libswiftCoreFoundation.dylib'>', codeSigningInfo='<_DVTCodeSigningInformation_Path: 0x7f800e3f95e0; isSigned='1', isAdHocSigned='0', signingCertificate='<DVTSigningCertificate: 0x7f800d44bcf0; name='Apple Development: Steve Yu (QCZM92LM36)', hash='4C1E9503C7C5D387D1EFF6FC46E160CEFB31E8A5', serialNumber='796B699123534BC7', certificateKinds='(
    "1.2.840.113635.100.6.1.12",
    "1.2.840.113635.100.6.1.2"
), issueDate='2020-01-03 15:04:34 +0000''>', entitlements='(null)', teamID='HEQGGF6N89', identifier='com.apple.dt.runtime.swiftCoreFoundation', executablePath='<DVTFilePath:0x7f800b8a0350:'/Users/jianzhi.wang/Library/Developer/Xcode/Archives/2020-01-16/USB TPMS 2020-1-16, 6.56 PM.xcarchive/Products/Applications/USB TPMS.app/Contents/Frameworks/libswiftCoreFoundation.dylib'>', hardenedRuntime='0'>'> to: /var/folders/2_/0wmkjr3518x35122wb_2y2g80000gn/T/XcodeDistPipeline.~~~I7YuNQ/entitlements~~~WKPhEN
2020-01-17 03:13:09 +0000  Running /usr/bin/codesign '-vvv' '--force' '--sign' '0CE2F6955DC82825CEEEB24E526F267ABC48532E' '--entitlements' '/var/folders/2_/0wmkjr3518x35122wb_2y2g80000gn/T/XcodeDistPipeline.~~~I7YuNQ/entitlements~~~WKPhEN' '--preserve-metadata=identifier,flags,runtime' '--requirements' '=designated => anchor apple generic  and identifier "$self.identifier" and ((cert leaf[field.1.2.840.113635.100.6.1.9] exists) or ( certificate 1[field.1.2.840.113635.100.6.2.6] exists and certificate leaf[field.1.2.840.113635.100.6.1.13] exists  and certificate leaf[subject.OU] = "HEQGGF6N89" ))' '/var/folders/2_/0wmkjr3518x35122wb_2y2g80000gn/T/XcodeDistPipeline.~~~I7YuNQ/Root/Applications/USB TPMS.app/Contents/Frameworks/libswiftCoreFoundation.dylib'
2020-01-17 03:13:09 +0000  /var/folders/2_/0wmkjr3518x35122wb_2y2g80000gn/T/XcodeDistPipeline.~~~I7YuNQ/Root/Applications/USB TPMS.app/Contents/Frameworks/libswiftCoreFoundation.dylib: replacing existing signature
2020-01-17 03:13:09 +0000  /var/folders/2_/0wmkjr3518x35122wb_2y2g80000gn/T/XcodeDistPipeline.~~~I7YuNQ/Root/Applications/USB TPMS.app/Contents/Frameworks/libswiftCoreFoundation.dylib: signed Mach-O thin (x86_64) [com.apple.dt.runtime.swiftCoreFoundation]
2020-01-17 03:13:09 +0000  /usr/bin/codesign exited with 0
2020-01-17 03:13:09 +0000  Entitlements for <IDEDistributionItem: 0x7f800e5df400; bundleID='com.apple.dt.runtime.swiftCoreGraphics', path='<DVTFilePath:0x7f800c9ebca0:'/Users/jianzhi.wang/Library/Developer/Xcode/Archives/2020-01-16/USB TPMS 2020-1-16, 6.56 PM.xcarchive/Products/Applications/USB TPMS.app/Contents/Frameworks/libswiftCoreGraphics.dylib'>', codeSigningInfo='<_DVTCodeSigningInformation_Path: 0x7f800cb35090; isSigned='1', isAdHocSigned='0', signingCertificate='<DVTSigningCertificate: 0x7f800d63dcb0; name='Apple Development: Steve Yu (QCZM92LM36)', hash='4C1E9503C7C5D387D1EFF6FC46E160CEFB31E8A5', serialNumber='796B699123534BC7', certificateKinds='(
    "1.2.840.113635.100.6.1.12",
    "1.2.840.113635.100.6.1.2"
), issueDate='2020-01-03 15:04:34 +0000''>', entitlements='(null)', teamID='HEQGGF6N89', identifier='com.apple.dt.runtime.swiftCoreGraphics', executablePath='<DVTFilePath:0x7f800c9ebca0:'/Users/jianzhi.wang/Library/Developer/Xcode/Archives/2020-01-16/USB TPMS 2020-1-16, 6.56 PM.xcarchive/Products/Applications/USB TPMS.app/Contents/Frameworks/libswiftCoreGraphics.dylib'>', hardenedRuntime='0'>'>: {
}
2020-01-17 03:13:09 +0000  Writing entitlements for <IDEDistributionItem: 0x7f800e5df400; bundleID='com.apple.dt.runtime.swiftCoreGraphics', path='<DVTFilePath:0x7f800c9ebca0:'/Users/jianzhi.wang/Library/Developer/Xcode/Archives/2020-01-16/USB TPMS 2020-1-16, 6.56 PM.xcarchive/Products/Applications/USB TPMS.app/Contents/Frameworks/libswiftCoreGraphics.dylib'>', codeSigningInfo='<_DVTCodeSigningInformation_Path: 0x7f800cb35090; isSigned='1', isAdHocSigned='0', signingCertificate='<DVTSigningCertificate: 0x7f800e3d79c0; name='Apple Development: Steve Yu (QCZM92LM36)', hash='4C1E9503C7C5D387D1EFF6FC46E160CEFB31E8A5', serialNumber='796B699123534BC7', certificateKinds='(
    "1.2.840.113635.100.6.1.12",
    "1.2.840.113635.100.6.1.2"
), issueDate='2020-01-03 15:04:34 +0000''>', entitlements='(null)', teamID='HEQGGF6N89', identifier='com.apple.dt.runtime.swiftCoreGraphics', executablePath='<DVTFilePath:0x7f800c9ebca0:'/Users/jianzhi.wang/Library/Developer/Xcode/Archives/2020-01-16/USB TPMS 2020-1-16, 6.56 PM.xcarchive/Products/Applications/USB TPMS.app/Contents/Frameworks/libswiftCoreGraphics.dylib'>', hardenedRuntime='0'>'> to: /var/folders/2_/0wmkjr3518x35122wb_2y2g80000gn/T/XcodeDistPipeline.~~~I7YuNQ/entitlements~~~j11PKz
2020-01-17 03:13:09 +0000  Running /usr/bin/codesign '-vvv' '--force' '--sign' '0CE2F6955DC82825CEEEB24E526F267ABC48532E' '--entitlements' '/var/folders/2_/0wmkjr3518x35122wb_2y2g80000gn/T/XcodeDistPipeline.~~~I7YuNQ/entitlements~~~j11PKz' '--preserve-metadata=identifier,flags,runtime' '--requirements' '=designated => anchor apple generic  and identifier "$self.identifier" and ((cert leaf[field.1.2.840.113635.100.6.1.9] exists) or ( certificate 1[field.1.2.840.113635.100.6.2.6] exists and certificate leaf[field.1.2.840.113635.100.6.1.13] exists  and certificate leaf[subject.OU] = "HEQGGF6N89" ))' '/var/folders/2_/0wmkjr3518x35122wb_2y2g80000gn/T/XcodeDistPipeline.~~~I7YuNQ/Root/Applications/USB TPMS.app/Contents/Frameworks/libswiftCoreGraphics.dylib'
2020-01-17 03:13:09 +0000  /var/folders/2_/0wmkjr3518x35122wb_2y2g80000gn/T/XcodeDistPipeline.~~~I7YuNQ/Root/Applications/USB TPMS.app/Contents/Frameworks/libswiftCoreGraphics.dylib: replacing existing signature
2020-01-17 03:13:10 +0000  /var/folders/2_/0wmkjr3518x35122wb_2y2g80000gn/T/XcodeDistPipeline.~~~I7YuNQ/Root/Applications/USB TPMS.app/Contents/Frameworks/libswiftCoreGraphics.dylib: signed Mach-O thin (x86_64) [com.apple.dt.runtime.swiftCoreGraphics]
2020-01-17 03:13:10 +0000  /usr/bin/codesign exited with 0
2020-01-17 03:13:10 +0000  Entitlements for <IDEDistributionItem: 0x7f800ceeccd0; bundleID='com.apple.dt.runtime.swiftDarwin', path='<DVTFilePath:0x7f800cd0d250:'/Users/jianzhi.wang/Library/Developer/Xcode/Archives/2020-01-16/USB TPMS 2020-1-16, 6.56 PM.xcarchive/Products/Applications/USB TPMS.app/Contents/Frameworks/libswiftDarwin.dylib'>', codeSigningInfo='<_DVTCodeSigningInformation_Path: 0x7f800d58bff0; isSigned='1', isAdHocSigned='0', signingCertificate='<DVTSigningCertificate: 0x7f800d63dcb0; name='Apple Development: Steve Yu (QCZM92LM36)', hash='4C1E9503C7C5D387D1EFF6FC46E160CEFB31E8A5', serialNumber='796B699123534BC7', certificateKinds='(
    "1.2.840.113635.100.6.1.12",
    "1.2.840.113635.100.6.1.2"
), issueDate='2020-01-03 15:04:34 +0000''>', entitlements='(null)', teamID='HEQGGF6N89', identifier='com.apple.dt.runtime.swiftDarwin', executablePath='<DVTFilePath:0x7f800cd0d250:'/Users/jianzhi.wang/Library/Developer/Xcode/Archives/2020-01-16/USB TPMS 2020-1-16, 6.56 PM.xcarchive/Products/Applications/USB TPMS.app/Contents/Frameworks/libswiftDarwin.dylib'>', hardenedRuntime='0'>'>: {
}
2020-01-17 03:13:10 +0000  Writing entitlements for <IDEDistributionItem: 0x7f800ceeccd0; bundleID='com.apple.dt.runtime.swiftDarwin', path='<DVTFilePath:0x7f800cd0d250:'/Users/jianzhi.wang/Library/Developer/Xcode/Archives/2020-01-16/USB TPMS 2020-1-16, 6.56 PM.xcarchive/Products/Applications/USB TPMS.app/Contents/Frameworks/libswiftDarwin.dylib'>', codeSigningInfo='<_DVTCodeSigningInformation_Path: 0x7f800d58bff0; isSigned='1', isAdHocSigned='0', signingCertificate='<DVTSigningCertificate: 0x7f800e3d79c0; name='Apple Development: Steve Yu (QCZM92LM36)', hash='4C1E9503C7C5D387D1EFF6FC46E160CEFB31E8A5', serialNumber='796B699123534BC7', certificateKinds='(
    "1.2.840.113635.100.6.1.12",
    "1.2.840.113635.100.6.1.2"
), issueDate='2020-01-03 15:04:34 +0000''>', entitlements='(null)', teamID='HEQGGF6N89', identifier='com.apple.dt.runtime.swiftDarwin', executablePath='<DVTFilePath:0x7f800cd0d250:'/Users/jianzhi.wang/Library/Developer/Xcode/Archives/2020-01-16/USB TPMS 2020-1-16, 6.56 PM.xcarchive/Products/Applications/USB TPMS.app/Contents/Frameworks/libswiftDarwin.dylib'>', hardenedRuntime='0'>'> to: /var/folders/2_/0wmkjr3518x35122wb_2y2g80000gn/T/XcodeDistPipeline.~~~I7YuNQ/entitlements~~~FKJrGx
2020-01-17 03:13:10 +0000  Running /usr/bin/codesign '-vvv' '--force' '--sign' '0CE2F6955DC82825CEEEB24E526F267ABC48532E' '--entitlements' '/var/folders/2_/0wmkjr3518x35122wb_2y2g80000gn/T/XcodeDistPipeline.~~~I7YuNQ/entitlements~~~FKJrGx' '--preserve-metadata=identifier,flags,runtime' '--requirements' '=designated => anchor apple generic  and identifier "$self.identifier" and ((cert leaf[field.1.2.840.113635.100.6.1.9] exists) or ( certificate 1[field.1.2.840.113635.100.6.2.6] exists and certificate leaf[field.1.2.840.113635.100.6.1.13] exists  and certificate leaf[subject.OU] = "HEQGGF6N89" ))' '/var/folders/2_/0wmkjr3518x35122wb_2y2g80000gn/T/XcodeDistPipeline.~~~I7YuNQ/Root/Applications/USB TPMS.app/Contents/Frameworks/libswiftDarwin.dylib'
2020-01-17 03:13:10 +0000  /var/folders/2_/0wmkjr3518x35122wb_2y2g80000gn/T/XcodeDistPipeline.~~~I7YuNQ/Root/Applications/USB TPMS.app/Contents/Frameworks/libswiftDarwin.dylib: replacing existing signature
2020-01-17 03:13:10 +0000  /var/folders/2_/0wmkjr3518x35122wb_2y2g80000gn/T/XcodeDistPipeline.~~~I7YuNQ/Root/Applications/USB TPMS.app/Contents/Frameworks/libswiftDarwin.dylib: signed Mach-O thin (x86_64) [com.apple.dt.runtime.swiftDarwin]
2020-01-17 03:13:10 +0000  /usr/bin/codesign exited with 0
2020-01-17 03:13:10 +0000  Entitlements for <IDEDistributionItem: 0x7f800e515a20; bundleID='com.apple.dt.runtime.swiftDispatch', path='<DVTFilePath:0x7f800ce6e200:'/Users/jianzhi.wang/Library/Developer/Xcode/Archives/2020-01-16/USB TPMS 2020-1-16, 6.56 PM.xcarchive/Products/Applications/USB TPMS.app/Contents/Frameworks/libswiftDispatch.dylib'>', codeSigningInfo='<_DVTCodeSigningInformation_Path: 0x7f800e391bb0; isSigned='1', isAdHocSigned='0', signingCertificate='<DVTSigningCertificate: 0x7f800d63dcb0; name='Apple Development: Steve Yu (QCZM92LM36)', hash='4C1E9503C7C5D387D1EFF6FC46E160CEFB31E8A5', serialNumber='796B699123534BC7', certificateKinds='(
    "1.2.840.113635.100.6.1.12",
    "1.2.840.113635.100.6.1.2"
), issueDate='2020-01-03 15:04:34 +0000''>', entitlements='(null)', teamID='HEQGGF6N89', identifier='com.apple.dt.runtime.swiftDispatch', executablePath='<DVTFilePath:0x7f800ce6e200:'/Users/jianzhi.wang/Library/Developer/Xcode/Archives/2020-01-16/USB TPMS 2020-1-16, 6.56 PM.xcarchive/Products/Applications/USB TPMS.app/Contents/Frameworks/libswiftDispatch.dylib'>', hardenedRuntime='0'>'>: {
}
2020-01-17 03:13:10 +0000  Writing entitlements for <IDEDistributionItem: 0x7f800e515a20; bundleID='com.apple.dt.runtime.swiftDispatch', path='<DVTFilePath:0x7f800ce6e200:'/Users/jianzhi.wang/Library/Developer/Xcode/Archives/2020-01-16/USB TPMS 2020-1-16, 6.56 PM.xcarchive/Products/Applications/USB TPMS.app/Contents/Frameworks/libswiftDispatch.dylib'>', codeSigningInfo='<_DVTCodeSigningInformation_Path: 0x7f800e391bb0; isSigned='1', isAdHocSigned='0', signingCertificate='<DVTSigningCertificate: 0x7f800e3d79c0; name='Apple Development: Steve Yu (QCZM92LM36)', hash='4C1E9503C7C5D387D1EFF6FC46E160CEFB31E8A5', serialNumber='796B699123534BC7', certificateKinds='(
    "1.2.840.113635.100.6.1.12",
    "1.2.840.113635.100.6.1.2"
), issueDate='2020-01-03 15:04:34 +0000''>', entitlements='(null)', teamID='HEQGGF6N89', identifier='com.apple.dt.runtime.swiftDispatch', executablePath='<DVTFilePath:0x7f800ce6e200:'/Users/jianzhi.wang/Library/Developer/Xcode/Archives/2020-01-16/USB TPMS 2020-1-16, 6.56 PM.xcarchive/Products/Applications/USB TPMS.app/Contents/Frameworks/libswiftDispatch.dylib'>', hardenedRuntime='0'>'> to: /var/folders/2_/0wmkjr3518x35122wb_2y2g80000gn/T/XcodeDistPipeline.~~~I7YuNQ/entitlements~~~4VrSf6
2020-01-17 03:13:10 +0000  Running /usr/bin/codesign '-vvv' '--force' '--sign' '0CE2F6955DC82825CEEEB24E526F267ABC48532E' '--entitlements' '/var/folders/2_/0wmkjr3518x35122wb_2y2g80000gn/T/XcodeDistPipeline.~~~I7YuNQ/entitlements~~~4VrSf6' '--preserve-metadata=identifier,flags,runtime' '--requirements' '=designated => anchor apple generic  and identifier "$self.identifier" and ((cert leaf[field.1.2.840.113635.100.6.1.9] exists) or ( certificate 1[field.1.2.840.113635.100.6.2.6] exists and certificate leaf[field.1.2.840.113635.100.6.1.13] exists  and certificate leaf[subject.OU] = "HEQGGF6N89" ))' '/var/folders/2_/0wmkjr3518x35122wb_2y2g80000gn/T/XcodeDistPipeline.~~~I7YuNQ/Root/Applications/USB TPMS.app/Contents/Frameworks/libswiftDispatch.dylib'
2020-01-17 03:13:10 +0000  /var/folders/2_/0wmkjr3518x35122wb_2y2g80000gn/T/XcodeDistPipeline.~~~I7YuNQ/Root/Applications/USB TPMS.app/Contents/Frameworks/libswiftDispatch.dylib: replacing existing signature
2020-01-17 03:13:10 +0000  /var/folders/2_/0wmkjr3518x35122wb_2y2g80000gn/T/XcodeDistPipeline.~~~I7YuNQ/Root/Applications/USB TPMS.app/Contents/Frameworks/libswiftDispatch.dylib: signed Mach-O thin (x86_64) [com.apple.dt.runtime.swiftDispatch]
2020-01-17 03:13:10 +0000  /usr/bin/codesign exited with 0
2020-01-17 03:13:10 +0000  Entitlements for <IDEDistributionItem: 0x7f800e61fcc0; bundleID='com.apple.dt.runtime.swiftFoundation', path='<DVTFilePath:0x7f800be170e0:'/Users/jianzhi.wang/Library/Developer/Xcode/Archives/2020-01-16/USB TPMS 2020-1-16, 6.56 PM.xcarchive/Products/Applications/USB TPMS.app/Contents/Frameworks/libswiftFoundation.dylib'>', codeSigningInfo='<_DVTCodeSigningInformation_Path: 0x7f800cf501b0; isSigned='1', isAdHocSigned='0', signingCertificate='<DVTSigningCertificate: 0x7f800d63dcb0; name='Apple Development: Steve Yu (QCZM92LM36)', hash='4C1E9503C7C5D387D1EFF6FC46E160CEFB31E8A5', serialNumber='796B699123534BC7', certificateKinds='(
    "1.2.840.113635.100.6.1.12",
    "1.2.840.113635.100.6.1.2"
), issueDate='2020-01-03 15:04:34 +0000''>', entitlements='(null)', teamID='HEQGGF6N89', identifier='com.apple.dt.runtime.swiftFoundation', executablePath='<DVTFilePath:0x7f800be170e0:'/Users/jianzhi.wang/Library/Developer/Xcode/Archives/2020-01-16/USB TPMS 2020-1-16, 6.56 PM.xcarchive/Products/Applications/USB TPMS.app/Contents/Frameworks/libswiftFoundation.dylib'>', hardenedRuntime='0'>'>: {
}
2020-01-17 03:13:10 +0000  Writing entitlements for <IDEDistributionItem: 0x7f800e61fcc0; bundleID='com.apple.dt.runtime.swiftFoundation', path='<DVTFilePath:0x7f800be170e0:'/Users/jianzhi.wang/Library/Developer/Xcode/Archives/2020-01-16/USB TPMS 2020-1-16, 6.56 PM.xcarchive/Products/Applications/USB TPMS.app/Contents/Frameworks/libswiftFoundation.dylib'>', codeSigningInfo='<_DVTCodeSigningInformation_Path: 0x7f800cf501b0; isSigned='1', isAdHocSigned='0', signingCertificate='<DVTSigningCertificate: 0x7f800e3d79c0; name='Apple Development: Steve Yu (QCZM92LM36)', hash='4C1E9503C7C5D387D1EFF6FC46E160CEFB31E8A5', serialNumber='796B699123534BC7', certificateKinds='(
    "1.2.840.113635.100.6.1.12",
    "1.2.840.113635.100.6.1.2"
), issueDate='2020-01-03 15:04:34 +0000''>', entitlements='(null)', teamID='HEQGGF6N89', identifier='com.apple.dt.runtime.swiftFoundation', executablePath='<DVTFilePath:0x7f800be170e0:'/Users/jianzhi.wang/Library/Developer/Xcode/Archives/2020-01-16/USB TPMS 2020-1-16, 6.56 PM.xcarchive/Products/Applications/USB TPMS.app/Contents/Frameworks/libswiftFoundation.dylib'>', hardenedRuntime='0'>'> to: /var/folders/2_/0wmkjr3518x35122wb_2y2g80000gn/T/XcodeDistPipeline.~~~I7YuNQ/entitlements~~~Q1RQj5
2020-01-17 03:13:10 +0000  Running /usr/bin/codesign '-vvv' '--force' '--sign' '0CE2F6955DC82825CEEEB24E526F267ABC48532E' '--entitlements' '/var/folders/2_/0wmkjr3518x35122wb_2y2g80000gn/T/XcodeDistPipeline.~~~I7YuNQ/entitlements~~~Q1RQj5' '--preserve-metadata=identifier,flags,runtime' '--requirements' '=designated => anchor apple generic  and identifier "$self.identifier" and ((cert leaf[field.1.2.840.113635.100.6.1.9] exists) or ( certificate 1[field.1.2.840.113635.100.6.2.6] exists and certificate leaf[field.1.2.840.113635.100.6.1.13] exists  and certificate leaf[subject.OU] = "HEQGGF6N89" ))' '/var/folders/2_/0wmkjr3518x35122wb_2y2g80000gn/T/XcodeDistPipeline.~~~I7YuNQ/Root/Applications/USB TPMS.app/Contents/Frameworks/libswiftFoundation.dylib'
2020-01-17 03:13:10 +0000  /var/folders/2_/0wmkjr3518x35122wb_2y2g80000gn/T/XcodeDistPipeline.~~~I7YuNQ/Root/Applications/USB TPMS.app/Contents/Frameworks/libswiftFoundation.dylib: replacing existing signature
2020-01-17 03:13:10 +0000  /var/folders/2_/0wmkjr3518x35122wb_2y2g80000gn/T/XcodeDistPipeline.~~~I7YuNQ/Root/Applications/USB TPMS.app/Contents/Frameworks/libswiftFoundation.dylib: signed Mach-O thin (x86_64) [com.apple.dt.runtime.swiftFoundation]
2020-01-17 03:13:10 +0000  /usr/bin/codesign exited with 0
2020-01-17 03:13:10 +0000  Entitlements for <IDEDistributionItem: 0x7f800cbc2d90; bundleID='com.apple.dt.runtime.swiftIOKit', path='<DVTFilePath:0x7f800cd278d0:'/Users/jianzhi.wang/Library/Developer/Xcode/Archives/2020-01-16/USB TPMS 2020-1-16, 6.56 PM.xcarchive/Products/Applications/USB TPMS.app/Contents/Frameworks/libswiftIOKit.dylib'>', codeSigningInfo='<_DVTCodeSigningInformation_Path: 0x7f800e6b3e50; isSigned='1', isAdHocSigned='0', signingCertificate='<DVTSigningCertificate: 0x7f800d63dcb0; name='Apple Development: Steve Yu (QCZM92LM36)', hash='4C1E9503C7C5D387D1EFF6FC46E160CEFB31E8A5', serialNumber='796B699123534BC7', certificateKinds='(
    "1.2.840.113635.100.6.1.12",
    "1.2.840.113635.100.6.1.2"
), issueDate='2020-01-03 15:04:34 +0000''>', entitlements='(null)', teamID='HEQGGF6N89', identifier='com.apple.dt.runtime.swiftIOKit', executablePath='<DVTFilePath:0x7f800cd278d0:'/Users/jianzhi.wang/Library/Developer/Xcode/Archives/2020-01-16/USB TPMS 2020-1-16, 6.56 PM.xcarchive/Products/Applications/USB TPMS.app/Contents/Frameworks/libswiftIOKit.dylib'>', hardenedRuntime='0'>'>: {
}
2020-01-17 03:13:10 +0000  Writing entitlements for <IDEDistributionItem: 0x7f800cbc2d90; bundleID='com.apple.dt.runtime.swiftIOKit', path='<DVTFilePath:0x7f800cd278d0:'/Users/jianzhi.wang/Library/Developer/Xcode/Archives/2020-01-16/USB TPMS 2020-1-16, 6.56 PM.xcarchive/Products/Applications/USB TPMS.app/Contents/Frameworks/libswiftIOKit.dylib'>', codeSigningInfo='<_DVTCodeSigningInformation_Path: 0x7f800e6b3e50; isSigned='1', isAdHocSigned='0', signingCertificate='<DVTSigningCertificate: 0x7f800e3d79c0; name='Apple Development: Steve Yu (QCZM92LM36)', hash='4C1E9503C7C5D387D1EFF6FC46E160CEFB31E8A5', serialNumber='796B699123534BC7', certificateKinds='(
    "1.2.840.113635.100.6.1.12",
    "1.2.840.113635.100.6.1.2"
), issueDate='2020-01-03 15:04:34 +0000''>', entitlements='(null)', teamID='HEQGGF6N89', identifier='com.apple.dt.runtime.swiftIOKit', executablePath='<DVTFilePath:0x7f800cd278d0:'/Users/jianzhi.wang/Library/Developer/Xcode/Archives/2020-01-16/USB TPMS 2020-1-16, 6.56 PM.xcarchive/Products/Applications/USB TPMS.app/Contents/Frameworks/libswiftIOKit.dylib'>', hardenedRuntime='0'>'> to: /var/folders/2_/0wmkjr3518x35122wb_2y2g80000gn/T/XcodeDistPipeline.~~~I7YuNQ/entitlements~~~YQwjvu
2020-01-17 03:13:10 +0000  Running /usr/bin/codesign '-vvv' '--force' '--sign' '0CE2F6955DC82825CEEEB24E526F267ABC48532E' '--entitlements' '/var/folders/2_/0wmkjr3518x35122wb_2y2g80000gn/T/XcodeDistPipeline.~~~I7YuNQ/entitlements~~~YQwjvu' '--preserve-metadata=identifier,flags,runtime' '--requirements' '=designated => anchor apple generic  and identifier "$self.identifier" and ((cert leaf[field.1.2.840.113635.100.6.1.9] exists) or ( certificate 1[field.1.2.840.113635.100.6.2.6] exists and certificate leaf[field.1.2.840.113635.100.6.1.13] exists  and certificate leaf[subject.OU] = "HEQGGF6N89" ))' '/var/folders/2_/0wmkjr3518x35122wb_2y2g80000gn/T/XcodeDistPipeline.~~~I7YuNQ/Root/Applications/USB TPMS.app/Contents/Frameworks/libswiftIOKit.dylib'
2020-01-17 03:13:10 +0000  /var/folders/2_/0wmkjr3518x35122wb_2y2g80000gn/T/XcodeDistPipeline.~~~I7YuNQ/Root/Applications/USB TPMS.app/Contents/Frameworks/libswiftIOKit.dylib: replacing existing signature
2020-01-17 03:13:11 +0000  /var/folders/2_/0wmkjr3518x35122wb_2y2g80000gn/T/XcodeDistPipeline.~~~I7YuNQ/Root/Applications/USB TPMS.app/Contents/Frameworks/libswiftIOKit.dylib: signed Mach-O thin (x86_64) [com.apple.dt.runtime.swiftIOKit]
2020-01-17 03:13:11 +0000  /usr/bin/codesign exited with 0
2020-01-17 03:13:11 +0000  Entitlements for <IDEDistributionItem: 0x7f800c8012e0; bundleID='com.apple.dt.runtime.swiftObjectiveC', path='<DVTFilePath:0x7f800bd15b90:'/Users/jianzhi.wang/Library/Developer/Xcode/Archives/2020-01-16/USB TPMS 2020-1-16, 6.56 PM.xcarchive/Products/Applications/USB TPMS.app/Contents/Frameworks/libswiftObjectiveC.dylib'>', codeSigningInfo='<_DVTCodeSigningInformation_Path: 0x7f800d51f9e0; isSigned='1', isAdHocSigned='0', signingCertificate='<DVTSigningCertificate: 0x7f800d63dcb0; name='Apple Development: Steve Yu (QCZM92LM36)', hash='4C1E9503C7C5D387D1EFF6FC46E160CEFB31E8A5', serialNumber='796B699123534BC7', certificateKinds='(
    "1.2.840.113635.100.6.1.12",
    "1.2.840.113635.100.6.1.2"
), issueDate='2020-01-03 15:04:34 +0000''>', entitlements='(null)', teamID='HEQGGF6N89', identifier='com.apple.dt.runtime.swiftObjectiveC', executablePath='<DVTFilePath:0x7f800bd15b90:'/Users/jianzhi.wang/Library/Developer/Xcode/Archives/2020-01-16/USB TPMS 2020-1-16, 6.56 PM.xcarchive/Products/Applications/USB TPMS.app/Contents/Frameworks/libswiftObjectiveC.dylib'>', hardenedRuntime='0'>'>: {
}
2020-01-17 03:13:11 +0000  Writing entitlements for <IDEDistributionItem: 0x7f800c8012e0; bundleID='com.apple.dt.runtime.swiftObjectiveC', path='<DVTFilePath:0x7f800bd15b90:'/Users/jianzhi.wang/Library/Developer/Xcode/Archives/2020-01-16/USB TPMS 2020-1-16, 6.56 PM.xcarchive/Products/Applications/USB TPMS.app/Contents/Frameworks/libswiftObjectiveC.dylib'>', codeSigningInfo='<_DVTCodeSigningInformation_Path: 0x7f800d51f9e0; isSigned='1', isAdHocSigned='0', signingCertificate='<DVTSigningCertificate: 0x7f800e3d79c0; name='Apple Development: Steve Yu (QCZM92LM36)', hash='4C1E9503C7C5D387D1EFF6FC46E160CEFB31E8A5', serialNumber='796B699123534BC7', certificateKinds='(
    "1.2.840.113635.100.6.1.12",
    "1.2.840.113635.100.6.1.2"
), issueDate='2020-01-03 15:04:34 +0000''>', entitlements='(null)', teamID='HEQGGF6N89', identifier='com.apple.dt.runtime.swiftObjectiveC', executablePath='<DVTFilePath:0x7f800bd15b90:'/Users/jianzhi.wang/Library/Developer/Xcode/Archives/2020-01-16/USB TPMS 2020-1-16, 6.56 PM.xcarchive/Products/Applications/USB TPMS.app/Contents/Frameworks/libswiftObjectiveC.dylib'>', hardenedRuntime='0'>'> to: /var/folders/2_/0wmkjr3518x35122wb_2y2g80000gn/T/XcodeDistPipeline.~~~I7YuNQ/entitlements~~~RCZvlo
2020-01-17 03:13:11 +0000  Running /usr/bin/codesign '-vvv' '--force' '--sign' '0CE2F6955DC82825CEEEB24E526F267ABC48532E' '--entitlements' '/var/folders/2_/0wmkjr3518x35122wb_2y2g80000gn/T/XcodeDistPipeline.~~~I7YuNQ/entitlements~~~RCZvlo' '--preserve-metadata=identifier,flags,runtime' '--requirements' '=designated => anchor apple generic  and identifier "$self.identifier" and ((cert leaf[field.1.2.840.113635.100.6.1.9] exists) or ( certificate 1[field.1.2.840.113635.100.6.2.6] exists and certificate leaf[field.1.2.840.113635.100.6.1.13] exists  and certificate leaf[subject.OU] = "HEQGGF6N89" ))' '/var/folders/2_/0wmkjr3518x35122wb_2y2g80000gn/T/XcodeDistPipeline.~~~I7YuNQ/Root/Applications/USB TPMS.app/Contents/Frameworks/libswiftObjectiveC.dylib'
2020-01-17 03:13:11 +0000  /var/folders/2_/0wmkjr3518x35122wb_2y2g80000gn/T/XcodeDistPipeline.~~~I7YuNQ/Root/Applications/USB TPMS.app/Contents/Frameworks/libswiftObjectiveC.dylib: replacing existing signature
2020-01-17 03:13:11 +0000  /var/folders/2_/0wmkjr3518x35122wb_2y2g80000gn/T/XcodeDistPipeline.~~~I7YuNQ/Root/Applications/USB TPMS.app/Contents/Frameworks/libswiftObjectiveC.dylib: signed Mach-O thin (x86_64) [com.apple.dt.runtime.swiftObjectiveC]
2020-01-17 03:13:11 +0000  /usr/bin/codesign exited with 0
2020-01-17 03:13:11 +0000  Entitlements for <IDEDistributionItem: 0x7f8008caf6e0; bundleID='com.openreelsoftware.ORSSerialPort-Tests', path='<DVTFilePath:0x7f800bd5faa0:'/Users/jianzhi.wang/Library/Developer/Xcode/Archives/2020-01-16/USB TPMS 2020-1-16, 6.56 PM.xcarchive/Products/Applications/USB TPMS.app/Contents/PlugIns/ORSSerialPort Tests.xctest'>', codeSigningInfo='<_DVTCodeSigningInformation_Path: 0x7f800e3cf100; isSigned='1', isAdHocSigned='0', signingCertificate='<DVTSigningCertificate: 0x7f800d63dcb0; name='Apple Development: Steve Yu (QCZM92LM36)', hash='4C1E9503C7C5D387D1EFF6FC46E160CEFB31E8A5', serialNumber='796B699123534BC7', certificateKinds='(
    "1.2.840.113635.100.6.1.12",
    "1.2.840.113635.100.6.1.2"
), issueDate='2020-01-03 15:04:34 +0000''>', entitlements='(null)', teamID='HEQGGF6N89', identifier='com.openreelsoftware.ORSSerialPort-Tests', executablePath='<DVTFilePath:0x7f800a382e10:'/Users/jianzhi.wang/Library/Developer/Xcode/Archives/2020-01-16/USB TPMS 2020-1-16, 6.56 PM.xcarchive/Products/Applications/USB TPMS.app/Contents/PlugIns/ORSSerialPort Tests.xctest/Contents/MacOS/ORSSerialPort Tests'>', hardenedRuntime='0'>'>: {
}
2020-01-17 03:13:11 +0000  Writing entitlements for <IDEDistributionItem: 0x7f8008caf6e0; bundleID='com.openreelsoftware.ORSSerialPort-Tests', path='<DVTFilePath:0x7f800bd5faa0:'/Users/jianzhi.wang/Library/Developer/Xcode/Archives/2020-01-16/USB TPMS 2020-1-16, 6.56 PM.xcarchive/Products/Applications/USB TPMS.app/Contents/PlugIns/ORSSerialPort Tests.xctest'>', codeSigningInfo='<_DVTCodeSigningInformation_Path: 0x7f800e3cf100; isSigned='1', isAdHocSigned='0', signingCertificate='<DVTSigningCertificate: 0x7f800e3d79c0; name='Apple Development: Steve Yu (QCZM92LM36)', hash='4C1E9503C7C5D387D1EFF6FC46E160CEFB31E8A5', serialNumber='796B699123534BC7', certificateKinds='(
    "1.2.840.113635.100.6.1.12",
    "1.2.840.113635.100.6.1.2"
), issueDate='2020-01-03 15:04:34 +0000''>', entitlements='(null)', teamID='HEQGGF6N89', identifier='com.openreelsoftware.ORSSerialPort-Tests', executablePath='<DVTFilePath:0x7f800a382e10:'/Users/jianzhi.wang/Library/Developer/Xcode/Archives/2020-01-16/USB TPMS 2020-1-16, 6.56 PM.xcarchive/Products/Applications/USB TPMS.app/Contents/PlugIns/ORSSerialPort Tests.xctest/Contents/MacOS/ORSSerialPort Tests'>', hardenedRuntime='0'>'> to: /var/folders/2_/0wmkjr3518x35122wb_2y2g80000gn/T/XcodeDistPipeline.~~~I7YuNQ/entitlements~~~PZPFTQ
2020-01-17 03:13:11 +0000  Running /usr/bin/codesign '-vvv' '--force' '--sign' '0CE2F6955DC82825CEEEB24E526F267ABC48532E' '--entitlements' '/var/folders/2_/0wmkjr3518x35122wb_2y2g80000gn/T/XcodeDistPipeline.~~~I7YuNQ/entitlements~~~PZPFTQ' '--preserve-metadata=identifier,flags,runtime' '--requirements' '=designated => anchor apple generic  and identifier "$self.identifier" and ((cert leaf[field.1.2.840.113635.100.6.1.9] exists) or ( certificate 1[field.1.2.840.113635.100.6.2.6] exists and certificate leaf[field.1.2.840.113635.100.6.1.13] exists  and certificate leaf[subject.OU] = "HEQGGF6N89" ))' '/var/folders/2_/0wmkjr3518x35122wb_2y2g80000gn/T/XcodeDistPipeline.~~~I7YuNQ/Root/Applications/USB TPMS.app/Contents/PlugIns/ORSSerialPort Tests.xctest'
2020-01-17 03:13:11 +0000  /var/folders/2_/0wmkjr3518x35122wb_2y2g80000gn/T/XcodeDistPipeline.~~~I7YuNQ/Root/Applications/USB TPMS.app/Contents/PlugIns/ORSSerialPort Tests.xctest: replacing existing signature
2020-01-17 03:13:11 +0000  /var/folders/2_/0wmkjr3518x35122wb_2y2g80000gn/T/XcodeDistPipeline.~~~I7YuNQ/Root/Applications/USB TPMS.app/Contents/PlugIns/ORSSerialPort Tests.xctest: signed bundle with Mach-O thin (x86_64) [com.openreelsoftware.ORSSerialPort-Tests]
2020-01-17 03:13:11 +0000  /usr/bin/codesign exited with 0
2020-01-17 03:13:11 +0000  Entitlements for <IDEDistributionItem: 0x7f800c8b8de0; bundleID='orange.macos.usbtpms', path='<DVTFilePath:0x7f800bd7c930:'/Users/jianzhi.wang/Library/Developer/Xcode/Archives/2020-01-16/USB TPMS 2020-1-16, 6.56 PM.xcarchive/Products/Applications/USB TPMS.app'>', codeSigningInfo='<_DVTCodeSigningInformation_Path: 0x7f800a434240; isSigned='1', isAdHocSigned='0', signingCertificate='<DVTSigningCertificate: 0x7f800e13ce90; name='Apple Development: Steve Yu (QCZM92LM36)', hash='4C1E9503C7C5D387D1EFF6FC46E160CEFB31E8A5', serialNumber='796B699123534BC7', certificateKinds='(
    "1.2.840.113635.100.6.1.12",
    "1.2.840.113635.100.6.1.2"
), issueDate='2020-01-03 15:04:34 +0000''>', entitlements='{
}', teamID='HEQGGF6N89', identifier='orange.macos.usbtpms', executablePath='<DVTFilePath:0x7f800a3ae800:'/Users/jianzhi.wang/Library/Developer/Xcode/Archives/2020-01-16/USB TPMS 2020-1-16, 6.56 PM.xcarchive/Products/Applications/USB TPMS.app/Contents/MacOS/USB TPMS'>', hardenedRuntime='0'>'>: {
}
2020-01-17 03:13:11 +0000  Writing entitlements for <IDEDistributionItem: 0x7f800c8b8de0; bundleID='orange.macos.usbtpms', path='<DVTFilePath:0x7f800bd7c930:'/Users/jianzhi.wang/Library/Developer/Xcode/Archives/2020-01-16/USB TPMS 2020-1-16, 6.56 PM.xcarchive/Products/Applications/USB TPMS.app'>', codeSigningInfo='<_DVTCodeSigningInformation_Path: 0x7f800a434240; isSigned='1', isAdHocSigned='0', signingCertificate='<DVTSigningCertificate: 0x7f800e3d79c0; name='Apple Development: Steve Yu (QCZM92LM36)', hash='4C1E9503C7C5D387D1EFF6FC46E160CEFB31E8A5', serialNumber='796B699123534BC7', certificateKinds='(
    "1.2.840.113635.100.6.1.12",
    "1.2.840.113635.100.6.1.2"
), issueDate='2020-01-03 15:04:34 +0000''>', entitlements='{
}', teamID='HEQGGF6N89', identifier='orange.macos.usbtpms', executablePath='<DVTFilePath:0x7f800a3ae800:'/Users/jianzhi.wang/Library/Developer/Xcode/Archives/2020-01-16/USB TPMS 2020-1-16, 6.56 PM.xcarchive/Products/Applications/USB TPMS.app/Contents/MacOS/USB TPMS'>', hardenedRuntime='0'>'> to: /var/folders/2_/0wmkjr3518x35122wb_2y2g80000gn/T/XcodeDistPipeline.~~~I7YuNQ/entitlements~~~Bi5iwP
2020-01-17 03:13:11 +0000  Running /usr/bin/codesign '-vvv' '--force' '--sign' '0CE2F6955DC82825CEEEB24E526F267ABC48532E' '--entitlements' '/var/folders/2_/0wmkjr3518x35122wb_2y2g80000gn/T/XcodeDistPipeline.~~~I7YuNQ/entitlements~~~Bi5iwP' '--preserve-metadata=identifier,flags,runtime' '--requirements' '=designated => anchor apple generic  and identifier "$self.identifier" and ((cert leaf[field.1.2.840.113635.100.6.1.9] exists) or ( certificate 1[field.1.2.840.113635.100.6.2.6] exists and certificate leaf[field.1.2.840.113635.100.6.1.13] exists  and certificate leaf[subject.OU] = "HEQGGF6N89" ))' '/var/folders/2_/0wmkjr3518x35122wb_2y2g80000gn/T/XcodeDistPipeline.~~~I7YuNQ/Root/Applications/USB TPMS.app'
2020-01-17 03:13:11 +0000  /var/folders/2_/0wmkjr3518x35122wb_2y2g80000gn/T/XcodeDistPipeline.~~~I7YuNQ/Root/Applications/USB TPMS.app: replacing existing signature
2020-01-17 03:13:11 +0000  /var/folders/2_/0wmkjr3518x35122wb_2y2g80000gn/T/XcodeDistPipeline.~~~I7YuNQ/Root/Applications/USB TPMS.app: signed app bundle with Mach-O thin (x86_64) [orange.macos.usbtpms]
2020-01-17 03:13:11 +0000  /usr/bin/codesign exited with 0
2020-01-17 03:13:11 +0000  Processing step: IDEDistributionZipODRItemStep
2020-01-17 03:13:11 +0000  Skipping step: IDEDistributionZipODRItemStep because it said so
2020-01-17 03:13:11 +0000  Skipping step: IDEDistributionZipODRItemStep because it said so
2020-01-17 03:13:11 +0000  Skipping step: IDEDistributionZipODRItemStep because it said so
2020-01-17 03:13:11 +0000  Skipping step: IDEDistributionZipODRItemStep because it said so
2020-01-17 03:13:11 +0000  Skipping step: IDEDistributionZipODRItemStep because it said so
2020-01-17 03:13:11 +0000  Skipping step: IDEDistributionZipODRItemStep because it said so
2020-01-17 03:13:11 +0000  Skipping step: IDEDistributionZipODRItemStep because it said so
2020-01-17 03:13:11 +0000  Skipping step: IDEDistributionZipODRItemStep because it said so
2020-01-17 03:13:11 +0000  Skipping step: IDEDistributionZipODRItemStep because it said so
2020-01-17 03:13:11 +0000  Skipping step: IDEDistributionZipODRItemStep because it said so
2020-01-17 03:13:11 +0000  Skipping step: IDEDistributionZipODRItemStep because it said so
2020-01-17 03:13:11 +0000  Skipping step: IDEDistributionZipODRItemStep because it said so
2020-01-17 03:13:11 +0000  Processing step: IDEDistributionSkipPackagingStep
2020-01-17 03:13:11 +0000  Processing step: IDEDistributionAppStoreInformationStep
2020-01-17 03:13:11 +0000  Skipping step: IDEDistributionAppStoreInformationStep because it said so
2020-01-17 03:13:11 +0000  Processing step: IDEDistributionGenerateProcessedDistributionItems
2020-01-17 03:13:11 +0000  Processing step: IDEDistributionCreateManifestStep
2020-01-17 03:13:11 +0000  Skipping step: IDEDistributionCreateManifestStep because it said so
